-- The C compiler identification is GNU 13.3.0
-- The CXX compiler identification is GNU 13.3.0
-- Detecting C compiler ABI info
-- Detecting C compiler ABI info - done
-- Check for working C compiler: /usr/bin/cc - skipped
-- Detecting C compile features
-- Detecting C compile features - done
-- Detecting CXX compiler ABI info
-- Detecting CXX compiler ABI info - done
-- Check for working CXX compiler: /usr/bin/c++ - skipped
-- Detecting CXX compile features
-- Detecting CXX compile features - done
-- Found ament_cmake: 2.5.3 (/opt/ros/jazzy/share/ament_cmake/cmake)
-- Found Python3: /usr/bin/python3 (found version "3.12.3") found components: Interpreter 
-- Found ament_lint_auto: 0.17.1 (/opt/ros/jazzy/share/ament_lint_auto/cmake)
-- Found python_cmake_module: 0.11.1 (/opt/ros/jazzy/share/python_cmake_module/cmake)
-- Found PythonExtra: /usr/bin/python3  
-- Added test 'flake8' to check Python code syntax and style conventions
-- Configured 'flake8' exclude dirs and/or files: 
-- Added test 'lint_cmake' to check CMake code style
-- Added test 'pep257' to check Python code against some of the docstring style conventions in PEP 257
-- Added test 'xmllint' to check XML markup files
-- Configuring done (0.7s)
-- Generating done (0.0s)
-- Build files have been written to: /home/dstreib/UR5e_Assembly_of_Wooden_Pieces/build/screwdriver_description
-- Install configuration: ""
-- Installing: /home/dstreib/UR5e_Assembly_of_Wooden_Pieces/install/screwdriver_description/share/screwdriver_description/launch
-- Installing: /home/dstreib/UR5e_Assembly_of_Wooden_Pieces/install/screwdriver_description/share/screwdriver_description/launch/display.launch.py
-- Installing: /home/dstreib/UR5e_Assembly_of_Wooden_Pieces/install/screwdriver_description/share/screwdriver_description/rviz
-- Installing: /home/dstreib/UR5e_Assembly_of_Wooden_Pieces/install/screwdriver_description/share/screwdriver_description/rviz/urdf.rviz
-- Installing: /home/dstreib/UR5e_Assembly_of_Wooden_Pieces/install/screwdriver_description/share/screwdriver_description/urdf
-- Installing: /home/dstreib/UR5e_Assembly_of_Wooden_Pieces/install/screwdriver_description/share/screwdriver_description/urdf/screwdriver.urdf
-- Installing: /home/dstreib/UR5e_Assembly_of_Wooden_Pieces/install/screwdriver_description/share/ament_index/resource_index/package_run_dependencies/screwdriver_description
-- Installing: /home/dstreib/UR5e_Assembly_of_Wooden_Pieces/install/screwdriver_description/share/ament_index/resource_index/parent_prefix_path/screwdriver_description
-- Installing: /home/dstreib/UR5e_Assembly_of_Wooden_Pieces/install/screwdriver_description/share/screwdriver_description/environment/ament_prefix_path.sh
-- Installing: /home/dstreib/UR5e_Assembly_of_Wooden_Pieces/install/screwdriver_description/share/screwdriver_description/environment/ament_prefix_path.dsv
-- Installing: /home/dstreib/UR5e_Assembly_of_Wooden_Pieces/install/screwdriver_description/share/screwdriver_description/environment/path.sh
-- Installing: /home/dstreib/UR5e_Assembly_of_Wooden_Pieces/install/screwdriver_description/share/screwdriver_description/environment/path.dsv
-- Installing: /home/dstreib/UR5e_Assembly_of_Wooden_Pieces/install/screwdriver_description/share/screwdriver_description/local_setup.bash
-- Installing: /home/dstreib/UR5e_Assembly_of_Wooden_Pieces/install/screwdriver_description/share/screwdriver_description/local_setup.sh
-- Installing: /home/dstreib/UR5e_Assembly_of_Wooden_Pieces/install/screwdriver_description/share/screwdriver_description/local_setup.zsh
-- Installing: /home/dstreib/UR5e_Assembly_of_Wooden_Pieces/install/screwdriver_description/share/screwdriver_description/local_setup.dsv
-- Installing: /home/dstreib/UR5e_Assembly_of_Wooden_Pieces/install/screwdriver_description/share/screwdriver_description/package.dsv
-- Installing: /home/dstreib/UR5e_Assembly_of_Wooden_Pieces/install/screwdriver_description/share/ament_index/resource_index/packages/screwdriver_description
-- Installing: /home/dstreib/UR5e_Assembly_of_Wooden_Pieces/install/screwdriver_description/share/screwdriver_description/cmake/screwdriver_descriptionConfig.cmake
-- Installing: /home/dstreib/UR5e_Assembly_of_Wooden_Pieces/install/screwdriver_description/share/screwdriver_description/cmake/screwdriver_descriptionConfig-version.cmake
-- Installing: /home/dstreib/UR5e_Assembly_of_Wooden_Pieces/install/screwdriver_description/share/screwdriver_description/package.xml
