[0.007s] Invoking command in '/home/dstreib/UR5e_Assembly_of_Wooden_Pieces/build/screwdriver_description': CMAKE_PREFIX_PATH=${CMAKE_PREFIX_PATH}:/opt/ros/jazzy DEBUGINFOD_URLS=https://debuginfod.ubuntu.com /usr/bin/cmake /home/dstreib/UR5e_Assembly_of_Wooden_Pieces/src/attachments/screwdriver_description -DCMAKE_INSTALL_PREFIX=/home/dstreib/UR5e_Assembly_of_Wooden_Pieces/install/screwdriver_description
[0.102s] -- The C compiler identification is GNU 13.3.0
[0.176s] -- The CXX compiler identification is GNU 13.3.0
[0.190s] -- Detecting C compiler ABI info
[0.268s] -- Detecting C compiler ABI info - done
[0.275s] -- Check for working C compiler: /usr/bin/cc - skipped
[0.276s] -- Detecting C compile features
[0.276s] -- Detecting C compile features - done
[0.285s] -- Detecting CXX compiler ABI info
[0.365s] -- Detecting CXX compiler ABI info - done
[0.372s] -- Check for working CXX compiler: /usr/bin/c++ - skipped
[0.372s] -- Detecting CXX compile features
[0.372s] -- Detecting CXX compile features - done
[0.377s] -- Found ament_cmake: 2.5.3 (/opt/ros/jazzy/share/ament_cmake/cmake)
[0.486s] -- Found Python3: /usr/bin/python3 (found version "3.12.3") found components: Interpreter 
[0.565s] -- Found ament_lint_auto: 0.17.1 (/opt/ros/jazzy/share/ament_lint_auto/cmake)
[0.628s] -- Found python_cmake_module: 0.11.1 (/opt/ros/jazzy/share/python_cmake_module/cmake)
[0.722s] -- Found PythonExtra: /usr/bin/python3  
[0.754s] -- Added test 'flake8' to check Python code syntax and style conventions
[0.754s] -- Configured 'flake8' exclude dirs and/or files: 
[0.755s] -- Added test 'lint_cmake' to check CMake code style
[0.755s] -- Added test 'pep257' to check Python code against some of the docstring style conventions in PEP 257
[0.756s] -- Added test 'xmllint' to check XML markup files
[0.757s] -- Configuring done (0.7s)
[0.758s] -- Generating done (0.0s)
[0.759s] -- Build files have been written to: /home/dstreib/UR5e_Assembly_of_Wooden_Pieces/build/screwdriver_description
[0.764s] Invoked command in '/home/dstreib/UR5e_Assembly_of_Wooden_Pieces/build/screwdriver_description' returned '0': CMAKE_PREFIX_PATH=${CMAKE_PREFIX_PATH}:/opt/ros/jazzy DEBUGINFOD_URLS=https://debuginfod.ubuntu.com /usr/bin/cmake /home/dstreib/UR5e_Assembly_of_Wooden_Pieces/src/attachments/screwdriver_description -DCMAKE_INSTALL_PREFIX=/home/dstreib/UR5e_Assembly_of_Wooden_Pieces/install/screwdriver_description
[0.765s] Invoking command in '/home/dstreib/UR5e_Assembly_of_Wooden_Pieces/build/screwdriver_description': CMAKE_PREFIX_PATH=${CMAKE_PREFIX_PATH}:/opt/ros/jazzy DEBUGINFOD_URLS=https://debuginfod.ubuntu.com /usr/bin/cmake --build /home/dstreib/UR5e_Assembly_of_Wooden_Pieces/build/screwdriver_description -- -j22 -l22
[0.803s] Invoked command in '/home/dstreib/UR5e_Assembly_of_Wooden_Pieces/build/screwdriver_description' returned '0': CMAKE_PREFIX_PATH=${CMAKE_PREFIX_PATH}:/opt/ros/jazzy DEBUGINFOD_URLS=https://debuginfod.ubuntu.com /usr/bin/cmake --build /home/dstreib/UR5e_Assembly_of_Wooden_Pieces/build/screwdriver_description -- -j22 -l22
[0.804s] Invoking command in '/home/dstreib/UR5e_Assembly_of_Wooden_Pieces/build/screwdriver_description': CMAKE_PREFIX_PATH=${CMAKE_PREFIX_PATH}:/opt/ros/jazzy DEBUGINFOD_URLS=https://debuginfod.ubuntu.com /usr/bin/cmake --install /home/dstreib/UR5e_Assembly_of_Wooden_Pieces/build/screwdriver_description
[0.809s] -- Install configuration: ""
[0.810s] -- Installing: /home/dstreib/UR5e_Assembly_of_Wooden_Pieces/install/screwdriver_description/share/screwdriver_description/launch
[0.810s] -- Installing: /home/dstreib/UR5e_Assembly_of_Wooden_Pieces/install/screwdriver_description/share/screwdriver_description/launch/display.launch.py
[0.810s] -- Installing: /home/dstreib/UR5e_Assembly_of_Wooden_Pieces/install/screwdriver_description/share/screwdriver_description/rviz
[0.810s] -- Installing: /home/dstreib/UR5e_Assembly_of_Wooden_Pieces/install/screwdriver_description/share/screwdriver_description/rviz/urdf.rviz
[0.810s] -- Installing: /home/dstreib/UR5e_Assembly_of_Wooden_Pieces/install/screwdriver_description/share/screwdriver_description/urdf
[0.810s] -- Installing: /home/dstreib/UR5e_Assembly_of_Wooden_Pieces/install/screwdriver_description/share/screwdriver_description/urdf/screwdriver.urdf
[0.810s] -- Installing: /home/dstreib/UR5e_Assembly_of_Wooden_Pieces/install/screwdriver_description/share/ament_index/resource_index/package_run_dependencies/screwdriver_description
[0.810s] -- Installing: /home/dstreib/UR5e_Assembly_of_Wooden_Pieces/install/screwdriver_description/share/ament_index/resource_index/parent_prefix_path/screwdriver_description
[0.810s] -- Installing: /home/dstreib/UR5e_Assembly_of_Wooden_Pieces/install/screwdriver_description/share/screwdriver_description/environment/ament_prefix_path.sh
[0.810s] -- Installing: /home/dstreib/UR5e_Assembly_of_Wooden_Pieces/install/screwdriver_description/share/screwdriver_description/environment/ament_prefix_path.dsv
[0.810s] -- Installing: /home/dstreib/UR5e_Assembly_of_Wooden_Pieces/install/screwdriver_description/share/screwdriver_description/environment/path.sh
[0.811s] -- Installing: /home/dstreib/UR5e_Assembly_of_Wooden_Pieces/install/screwdriver_description/share/screwdriver_description/environment/path.dsv
[0.811s] -- Installing: /home/dstreib/UR5e_Assembly_of_Wooden_Pieces/install/screwdriver_description/share/screwdriver_description/local_setup.bash
[0.811s] -- Installing: /home/dstreib/UR5e_Assembly_of_Wooden_Pieces/install/screwdriver_description/share/screwdriver_description/local_setup.sh
[0.811s] -- Installing: /home/dstreib/UR5e_Assembly_of_Wooden_Pieces/install/screwdriver_description/share/screwdriver_description/local_setup.zsh
[0.811s] -- Installing: /home/dstreib/UR5e_Assembly_of_Wooden_Pieces/install/screwdriver_description/share/screwdriver_description/local_setup.dsv
[0.811s] -- Installing: /home/dstreib/UR5e_Assembly_of_Wooden_Pieces/install/screwdriver_description/share/screwdriver_description/package.dsv
[0.811s] -- Installing: /home/dstreib/UR5e_Assembly_of_Wooden_Pieces/install/screwdriver_description/share/ament_index/resource_index/packages/screwdriver_description
[0.811s] -- Installing: /home/dstreib/UR5e_Assembly_of_Wooden_Pieces/install/screwdriver_description/share/screwdriver_description/cmake/screwdriver_descriptionConfig.cmake
[0.811s] -- Installing: /home/dstreib/UR5e_Assembly_of_Wooden_Pieces/install/screwdriver_description/share/screwdriver_description/cmake/screwdriver_descriptionConfig-version.cmake
[0.811s] -- Installing: /home/dstreib/UR5e_Assembly_of_Wooden_Pieces/install/screwdriver_description/share/screwdriver_description/package.xml
[0.812s] Invoked command in '/home/dstreib/UR5e_Assembly_of_Wooden_Pieces/build/screwdriver_description' returned '0': CMAKE_PREFIX_PATH=${CMAKE_PREFIX_PATH}:/opt/ros/jazzy DEBUGINFOD_URLS=https://debuginfod.ubuntu.com /usr/bin/cmake --install /home/dstreib/UR5e_Assembly_of_Wooden_Pieces/build/screwdriver_description
