[0.016s] Invoking command in '/home/dstreib/UR5e_Assembly_of_Wooden_Pieces/build/environment': CMAKE_PREFIX_PATH=${CMAKE_PREFIX_PATH}:/opt/ros/jazzy DEBUGINFOD_URLS=https://debuginfod.ubuntu.com /usr/bin/cmake --build /home/dstreib/UR5e_Assembly_of_Wooden_Pieces/build/environment -- -j22 -l22
[0.047s] Invoked command in '/home/dstreib/UR5e_Assembly_of_Wooden_Pieces/build/environment' returned '0': CMAKE_PREFIX_PATH=${CMAKE_PREFIX_PATH}:/opt/ros/jazzy DEBUGINFOD_URLS=https://debuginfod.ubuntu.com /usr/bin/cmake --build /home/dstreib/UR5e_Assembly_of_Wooden_Pieces/build/environment -- -j22 -l22
[0.054s] Invoking command in '/home/dstreib/UR5e_Assembly_of_Wooden_Pieces/build/environment': CMAKE_PREFIX_PATH=${CMAKE_PREFIX_PATH}:/opt/ros/jazzy DEBUGINFOD_URLS=https://debuginfod.ubuntu.com /usr/bin/cmake --install /home/dstreib/UR5e_Assembly_of_Wooden_Pieces/build/environment
[0.064s] -- Install configuration: ""
[0.064s] -- Up-to-date: /home/dstreib/UR5e_Assembly_of_Wooden_Pieces/install/environment/share/ament_index/resource_index/package_run_dependencies/environment
[0.064s] -- Up-to-date: /home/dstreib/UR5e_Assembly_of_Wooden_Pieces/install/environment/share/ament_index/resource_index/parent_prefix_path/environment
[0.064s] -- Up-to-date: /home/dstreib/UR5e_Assembly_of_Wooden_Pieces/install/environment/share/environment/environment/ament_prefix_path.sh
[0.064s] -- Up-to-date: /home/dstreib/UR5e_Assembly_of_Wooden_Pieces/install/environment/share/environment/environment/ament_prefix_path.dsv
[0.065s] -- Up-to-date: /home/dstreib/UR5e_Assembly_of_Wooden_Pieces/install/environment/share/environment/environment/path.sh
[0.065s] -- Up-to-date: /home/dstreib/UR5e_Assembly_of_Wooden_Pieces/install/environment/share/environment/environment/path.dsv
[0.065s] -- Up-to-date: /home/dstreib/UR5e_Assembly_of_Wooden_Pieces/install/environment/share/environment/local_setup.bash
[0.065s] -- Up-to-date: /home/dstreib/UR5e_Assembly_of_Wooden_Pieces/install/environment/share/environment/local_setup.sh
[0.065s] -- Up-to-date: /home/dstreib/UR5e_Assembly_of_Wooden_Pieces/install/environment/share/environment/local_setup.zsh
[0.065s] -- Up-to-date: /home/dstreib/UR5e_Assembly_of_Wooden_Pieces/install/environment/share/environment/local_setup.dsv
[0.065s] -- Up-to-date: /home/dstreib/UR5e_Assembly_of_Wooden_Pieces/install/environment/share/environment/package.dsv
[0.066s] -- Up-to-date: /home/dstreib/UR5e_Assembly_of_Wooden_Pieces/install/environment/share/ament_index/resource_index/packages/environment
[0.067s] -- Up-to-date: /home/dstreib/UR5e_Assembly_of_Wooden_Pieces/install/environment/share/environment/cmake/environmentConfig.cmake
[0.067s] -- Up-to-date: /home/dstreib/UR5e_Assembly_of_Wooden_Pieces/install/environment/share/environment/cmake/environmentConfig-version.cmake
[0.067s] -- Installing: /home/dstreib/UR5e_Assembly_of_Wooden_Pieces/install/environment/share/environment/package.xml
[0.076s] Invoked command in '/home/dstreib/UR5e_Assembly_of_Wooden_Pieces/build/environment' returned '0': CMAKE_PREFIX_PATH=${CMAKE_PREFIX_PATH}:/opt/ros/jazzy DEBUGINFOD_URLS=https://debuginfod.ubuntu.com /usr/bin/cmake --install /home/dstreib/UR5e_Assembly_of_Wooden_Pieces/build/environment
