[0.166s] DEBUG:colcon:Command line arguments: ['/usr/bin/colcon', 'build']
[0.166s] DEBUG:colcon:Parsed command line arguments: Namespace(log_base=None, log_level=None, verb_name='build', build_base='build', install_base='install', merge_install=False, symlink_install=False, test_result_base=None, continue_on_error=False, executor='parallel', parallel_workers=22, event_handlers=None, ignore_user_meta=False, metas=['./colcon.meta'], base_paths=['.'], packages_ignore=None, packages_ignore_regex=None, paths=None, packages_up_to=None, packages_up_to_regex=None, packages_above=None, packages_above_and_dependencies=None, packages_above_depth=None, packages_select_by_dep=None, packages_skip_by_dep=None, packages_skip_up_to=None, packages_select_build_failed=False, packages_skip_build_finished=False, packages_select_test_failures=False, packages_skip_test_passed=False, packages_select=None, packages_skip=None, packages_select_regex=None, packages_skip_regex=None, packages_start=None, packages_end=None, allow_overriding=[], cmake_args=None, cmake_target=None, cmake_target_skip_unavailable=False, cmake_clean_cache=False, cmake_clean_first=False, cmake_force_configure=False, ament_cmake_args=None, catkin_cmake_args=None, catkin_skip_building_tests=False, mixin_files=None, mixin=None, verb_parser=<colcon_mixin.mixin.mixin_argument.MixinArgumentDecorator object at 0x76f3ab8c2a80>, verb_extension=<colcon_core.verb.build.BuildVerb object at 0x76f3ab8c26c0>, main=<bound method BuildVerb.main of <colcon_core.verb.build.BuildVerb object at 0x76f3ab8c26c0>>, mixin_verb=('build',))
[0.199s] Level 1:colcon.colcon_core.package_discovery:discover_packages(colcon_meta) check parameters
[0.199s] Level 1:colcon.colcon_core.package_discovery:discover_packages(recursive) check parameters
[0.199s] Level 1:colcon.colcon_core.package_discovery:discover_packages(ignore) check parameters
[0.199s] Level 1:colcon.colcon_core.package_discovery:discover_packages(path) check parameters
[0.199s] Level 1:colcon.colcon_core.package_discovery:discover_packages(colcon_meta) discover
[0.199s] Level 1:colcon.colcon_core.package_discovery:discover_packages(recursive) discover
[0.199s] INFO:colcon.colcon_core.package_discovery:Crawling recursively for packages in '/home/dstreib/UR5e_Assembly_of_Wooden_Pieces'
[0.199s] Level 1:colcon.colcon_core.package_identification:_identify(.) by extensions ['ignore', 'ignore_ament_install']
[0.199s] Level 1:colcon.colcon_core.package_identification:_identify(.) by extension 'ignore'
[0.199s] Level 1:colcon.colcon_core.package_identification:_identify(.) by extension 'ignore_ament_install'
[0.199s] Level 1:colcon.colcon_core.package_identification:_identify(.) by extensions ['colcon_pkg']
[0.199s] Level 1:colcon.colcon_core.package_identification:_identify(.) by extension 'colcon_pkg'
[0.199s] Level 1:colcon.colcon_core.package_identification:_identify(.) by extensions ['colcon_meta']
[0.199s] Level 1:colcon.colcon_core.package_identification:_identify(.) by extension 'colcon_meta'
[0.199s] Level 1:colcon.colcon_core.package_identification:_identify(.) by extensions ['ros']
[0.199s] Level 1:colcon.colcon_core.package_identification:_identify(.) by extension 'ros'
[0.217s] Level 1:colcon.colcon_core.package_identification:_identify(.) by extensions ['cmake', 'python']
[0.217s] Level 1:colcon.colcon_core.package_identification:_identify(.) by extension 'cmake'
[0.217s] Level 1:colcon.colcon_core.package_identification:_identify(.) by extension 'python'
[0.217s] Level 1:colcon.colcon_core.package_identification:_identify(.) by extensions ['python_setup_py']
[0.217s] Level 1:colcon.colcon_core.package_identification:_identify(.) by extension 'python_setup_py'
[0.218s] Level 1:colcon.colcon_core.package_identification:_identify(build) by extensions ['ignore', 'ignore_ament_install']
[0.218s] Level 1:colcon.colcon_core.package_identification:_identify(build) by extension 'ignore'
[0.218s] Level 1:colcon.colcon_core.package_identification:_identify(build) ignored
[0.218s] Level 1:colcon.colcon_core.package_identification:_identify(install) by extensions ['ignore', 'ignore_ament_install']
[0.218s] Level 1:colcon.colcon_core.package_identification:_identify(install) by extension 'ignore'
[0.218s] Level 1:colcon.colcon_core.package_identification:_identify(install) ignored
[0.218s] Level 1:colcon.colcon_core.package_identification:_identify(log) by extensions ['ignore', 'ignore_ament_install']
[0.218s] Level 1:colcon.colcon_core.package_identification:_identify(log) by extension 'ignore'
[0.218s] Level 1:colcon.colcon_core.package_identification:_identify(log) ignored
[0.218s] Level 1:colcon.colcon_core.package_identification:_identify(motion_planning) by extensions ['ignore', 'ignore_ament_install']
[0.218s] Level 1:colcon.colcon_core.package_identification:_identify(motion_planning) by extension 'ignore'
[0.218s] Level 1:colcon.colcon_core.package_identification:_identify(motion_planning) by extension 'ignore_ament_install'
[0.218s] Level 1:colcon.colcon_core.package_identification:_identify(motion_planning) by extensions ['colcon_pkg']
[0.218s] Level 1:colcon.colcon_core.package_identification:_identify(motion_planning) by extension 'colcon_pkg'
[0.218s] Level 1:colcon.colcon_core.package_identification:_identify(motion_planning) by extensions ['colcon_meta']
[0.218s] Level 1:colcon.colcon_core.package_identification:_identify(motion_planning) by extension 'colcon_meta'
[0.218s] Level 1:colcon.colcon_core.package_identification:_identify(motion_planning) by extensions ['ros']
[0.218s] Level 1:colcon.colcon_core.package_identification:_identify(motion_planning) by extension 'ros'
[0.218s] Level 1:colcon.colcon_core.package_identification:_identify(motion_planning) by extensions ['cmake', 'python']
[0.218s] Level 1:colcon.colcon_core.package_identification:_identify(motion_planning) by extension 'cmake'
[0.218s] Level 1:colcon.colcon_core.package_identification:_identify(motion_planning) by extension 'python'
[0.218s] Level 1:colcon.colcon_core.package_identification:_identify(motion_planning) by extensions ['python_setup_py']
[0.218s] Level 1:colcon.colcon_core.package_identification:_identify(motion_planning) by extension 'python_setup_py'
[0.218s] Level 1:colcon.colcon_core.package_identification:_identify(src) by extensions ['ignore', 'ignore_ament_install']
[0.218s] Level 1:colcon.colcon_core.package_identification:_identify(src) by extension 'ignore'
[0.218s] Level 1:colcon.colcon_core.package_identification:_identify(src) by extension 'ignore_ament_install'
[0.218s] Level 1:colcon.colcon_core.package_identification:_identify(src) by extensions ['colcon_pkg']
[0.218s] Level 1:colcon.colcon_core.package_identification:_identify(src) by extension 'colcon_pkg'
[0.218s] Level 1:colcon.colcon_core.package_identification:_identify(src) by extensions ['colcon_meta']
[0.218s] Level 1:colcon.colcon_core.package_identification:_identify(src) by extension 'colcon_meta'
[0.218s] Level 1:colcon.colcon_core.package_identification:_identify(src) by extensions ['ros']
[0.218s] Level 1:colcon.colcon_core.package_identification:_identify(src) by extension 'ros'
[0.218s] Level 1:colcon.colcon_core.package_identification:_identify(src) by extensions ['cmake', 'python']
[0.218s] Level 1:colcon.colcon_core.package_identification:_identify(src) by extension 'cmake'
[0.218s] Level 1:colcon.colcon_core.package_identification:_identify(src) by extension 'python'
[0.218s] Level 1:colcon.colcon_core.package_identification:_identify(src) by extensions ['python_setup_py']
[0.218s] Level 1:colcon.colcon_core.package_identification:_identify(src) by extension 'python_setup_py'
[0.219s] Level 1:colcon.colcon_core.package_identification:_identify(src/attachments) by extensions ['ignore', 'ignore_ament_install']
[0.219s] Level 1:colcon.colcon_core.package_identification:_identify(src/attachments) by extension 'ignore'
[0.219s] Level 1:colcon.colcon_core.package_identification:_identify(src/attachments) by extension 'ignore_ament_install'
[0.219s] Level 1:colcon.colcon_core.package_identification:_identify(src/attachments) by extensions ['colcon_pkg']
[0.219s] Level 1:colcon.colcon_core.package_identification:_identify(src/attachments) by extension 'colcon_pkg'
[0.219s] Level 1:colcon.colcon_core.package_identification:_identify(src/attachments) by extensions ['colcon_meta']
[0.219s] Level 1:colcon.colcon_core.package_identification:_identify(src/attachments) by extension 'colcon_meta'
[0.219s] Level 1:colcon.colcon_core.package_identification:_identify(src/attachments) by extensions ['ros']
[0.219s] Level 1:colcon.colcon_core.package_identification:_identify(src/attachments) by extension 'ros'
[0.219s] Level 1:colcon.colcon_core.package_identification:_identify(src/attachments) by extensions ['cmake', 'python']
[0.219s] Level 1:colcon.colcon_core.package_identification:_identify(src/attachments) by extension 'cmake'
[0.219s] Level 1:colcon.colcon_core.package_identification:_identify(src/attachments) by extension 'python'
[0.219s] Level 1:colcon.colcon_core.package_identification:_identify(src/attachments) by extensions ['python_setup_py']
[0.219s] Level 1:colcon.colcon_core.package_identification:_identify(src/attachments) by extension 'python_setup_py'
[0.219s] Level 1:colcon.colcon_core.package_identification:_identify(src/attachments/screwdriver_description) by extensions ['ignore', 'ignore_ament_install']
[0.219s] Level 1:colcon.colcon_core.package_identification:_identify(src/attachments/screwdriver_description) by extension 'ignore'
[0.219s] Level 1:colcon.colcon_core.package_identification:_identify(src/attachments/screwdriver_description) by extension 'ignore_ament_install'
[0.219s] Level 1:colcon.colcon_core.package_identification:_identify(src/attachments/screwdriver_description) by extensions ['colcon_pkg']
[0.219s] Level 1:colcon.colcon_core.package_identification:_identify(src/attachments/screwdriver_description) by extension 'colcon_pkg'
[0.219s] Level 1:colcon.colcon_core.package_identification:_identify(src/attachments/screwdriver_description) by extensions ['colcon_meta']
[0.219s] Level 1:colcon.colcon_core.package_identification:_identify(src/attachments/screwdriver_description) by extension 'colcon_meta'
[0.219s] Level 1:colcon.colcon_core.package_identification:_identify(src/attachments/screwdriver_description) by extensions ['ros']
[0.219s] Level 1:colcon.colcon_core.package_identification:_identify(src/attachments/screwdriver_description) by extension 'ros'
[0.221s] DEBUG:colcon.colcon_core.package_identification:Package 'src/attachments/screwdriver_description' with type 'ros.ament_cmake' and name 'screwdriver_description'
[0.221s] Level 1:colcon.colcon_core.package_identification:_identify(src/attachments/tutorial_shapes) by extensions ['ignore', 'ignore_ament_install']
[0.221s] Level 1:colcon.colcon_core.package_identification:_identify(src/attachments/tutorial_shapes) by extension 'ignore'
[0.221s] Level 1:colcon.colcon_core.package_identification:_identify(src/attachments/tutorial_shapes) by extension 'ignore_ament_install'
[0.221s] Level 1:colcon.colcon_core.package_identification:_identify(src/attachments/tutorial_shapes) by extensions ['colcon_pkg']
[0.221s] Level 1:colcon.colcon_core.package_identification:_identify(src/attachments/tutorial_shapes) by extension 'colcon_pkg'
[0.221s] Level 1:colcon.colcon_core.package_identification:_identify(src/attachments/tutorial_shapes) by extensions ['colcon_meta']
[0.221s] Level 1:colcon.colcon_core.package_identification:_identify(src/attachments/tutorial_shapes) by extension 'colcon_meta'
[0.221s] Level 1:colcon.colcon_core.package_identification:_identify(src/attachments/tutorial_shapes) by extensions ['ros']
[0.221s] Level 1:colcon.colcon_core.package_identification:_identify(src/attachments/tutorial_shapes) by extension 'ros'
[0.221s] Level 1:colcon.colcon_core.package_identification:_identify(src/attachments/tutorial_shapes) by extensions ['cmake', 'python']
[0.221s] Level 1:colcon.colcon_core.package_identification:_identify(src/attachments/tutorial_shapes) by extension 'cmake'
[0.221s] Level 1:colcon.colcon_core.package_identification:_identify(src/attachments/tutorial_shapes) by extension 'python'
[0.221s] Level 1:colcon.colcon_core.package_identification:_identify(src/attachments/tutorial_shapes) by extensions ['python_setup_py']
[0.221s] Level 1:colcon.colcon_core.package_identification:_identify(src/attachments/tutorial_shapes) by extension 'python_setup_py'
[0.221s] Level 1:colcon.colcon_core.package_identification:_identify(src/attachments/tutorial_shapes/urdf_tutorial) by extensions ['ignore', 'ignore_ament_install']
[0.221s] Level 1:colcon.colcon_core.package_identification:_identify(src/attachments/tutorial_shapes/urdf_tutorial) by extension 'ignore'
[0.221s] Level 1:colcon.colcon_core.package_identification:_identify(src/attachments/tutorial_shapes/urdf_tutorial) by extension 'ignore_ament_install'
[0.221s] Level 1:colcon.colcon_core.package_identification:_identify(src/attachments/tutorial_shapes/urdf_tutorial) by extensions ['colcon_pkg']
[0.221s] Level 1:colcon.colcon_core.package_identification:_identify(src/attachments/tutorial_shapes/urdf_tutorial) by extension 'colcon_pkg'
[0.221s] Level 1:colcon.colcon_core.package_identification:_identify(src/attachments/tutorial_shapes/urdf_tutorial) by extensions ['colcon_meta']
[0.221s] Level 1:colcon.colcon_core.package_identification:_identify(src/attachments/tutorial_shapes/urdf_tutorial) by extension 'colcon_meta'
[0.221s] Level 1:colcon.colcon_core.package_identification:_identify(src/attachments/tutorial_shapes/urdf_tutorial) by extensions ['ros']
[0.221s] Level 1:colcon.colcon_core.package_identification:_identify(src/attachments/tutorial_shapes/urdf_tutorial) by extension 'ros'
[0.221s] Level 1:colcon.colcon_core.package_identification:_identify(src/attachments/tutorial_shapes/urdf_tutorial) by extensions ['cmake', 'python']
[0.221s] Level 1:colcon.colcon_core.package_identification:_identify(src/attachments/tutorial_shapes/urdf_tutorial) by extension 'cmake'
[0.222s] Level 1:colcon.colcon_core.package_identification:_identify(src/attachments/tutorial_shapes/urdf_tutorial) by extension 'python'
[0.222s] Level 1:colcon.colcon_core.package_identification:_identify(src/attachments/tutorial_shapes/urdf_tutorial) by extensions ['python_setup_py']
[0.222s] Level 1:colcon.colcon_core.package_identification:_identify(src/attachments/tutorial_shapes/urdf_tutorial) by extension 'python_setup_py'
[0.222s] Level 1:colcon.colcon_core.package_identification:_identify(src/environment) by extensions ['ignore', 'ignore_ament_install']
[0.222s] Level 1:colcon.colcon_core.package_identification:_identify(src/environment) by extension 'ignore'
[0.222s] Level 1:colcon.colcon_core.package_identification:_identify(src/environment) by extension 'ignore_ament_install'
[0.222s] Level 1:colcon.colcon_core.package_identification:_identify(src/environment) by extensions ['colcon_pkg']
[0.222s] Level 1:colcon.colcon_core.package_identification:_identify(src/environment) by extension 'colcon_pkg'
[0.222s] Level 1:colcon.colcon_core.package_identification:_identify(src/environment) by extensions ['colcon_meta']
[0.222s] Level 1:colcon.colcon_core.package_identification:_identify(src/environment) by extension 'colcon_meta'
[0.222s] Level 1:colcon.colcon_core.package_identification:_identify(src/environment) by extensions ['ros']
[0.222s] Level 1:colcon.colcon_core.package_identification:_identify(src/environment) by extension 'ros'
[0.222s] DEBUG:colcon.colcon_core.package_identification:Package 'src/environment' with type 'ros.ament_cmake' and name 'environment'
[0.222s] Level 1:colcon.colcon_core.package_identification:_identify(src/robots) by extensions ['ignore', 'ignore_ament_install']
[0.222s] Level 1:colcon.colcon_core.package_identification:_identify(src/robots) by extension 'ignore'
[0.222s] Level 1:colcon.colcon_core.package_identification:_identify(src/robots) by extension 'ignore_ament_install'
[0.222s] Level 1:colcon.colcon_core.package_identification:_identify(src/robots) by extensions ['colcon_pkg']
[0.222s] Level 1:colcon.colcon_core.package_identification:_identify(src/robots) by extension 'colcon_pkg'
[0.222s] Level 1:colcon.colcon_core.package_identification:_identify(src/robots) by extensions ['colcon_meta']
[0.222s] Level 1:colcon.colcon_core.package_identification:_identify(src/robots) by extension 'colcon_meta'
[0.222s] Level 1:colcon.colcon_core.package_identification:_identify(src/robots) by extensions ['ros']
[0.222s] Level 1:colcon.colcon_core.package_identification:_identify(src/robots) by extension 'ros'
[0.222s] Level 1:colcon.colcon_core.package_identification:_identify(src/robots) by extensions ['cmake', 'python']
[0.222s] Level 1:colcon.colcon_core.package_identification:_identify(src/robots) by extension 'cmake'
[0.222s] Level 1:colcon.colcon_core.package_identification:_identify(src/robots) by extension 'python'
[0.222s] Level 1:colcon.colcon_core.package_identification:_identify(src/robots) by extensions ['python_setup_py']
[0.222s] Level 1:colcon.colcon_core.package_identification:_identify(src/robots) by extension 'python_setup_py'
[0.222s] Level 1:colcon.colcon_core.package_identification:_identify(src/robots/Universal_Robots_ROS2_GZ_Simulation) by extensions ['ignore', 'ignore_ament_install']
[0.222s] Level 1:colcon.colcon_core.package_identification:_identify(src/robots/Universal_Robots_ROS2_GZ_Simulation) by extension 'ignore'
[0.222s] Level 1:colcon.colcon_core.package_identification:_identify(src/robots/Universal_Robots_ROS2_GZ_Simulation) by extension 'ignore_ament_install'
[0.222s] Level 1:colcon.colcon_core.package_identification:_identify(src/robots/Universal_Robots_ROS2_GZ_Simulation) by extensions ['colcon_pkg']
[0.222s] Level 1:colcon.colcon_core.package_identification:_identify(src/robots/Universal_Robots_ROS2_GZ_Simulation) by extension 'colcon_pkg'
[0.222s] Level 1:colcon.colcon_core.package_identification:_identify(src/robots/Universal_Robots_ROS2_GZ_Simulation) by extensions ['colcon_meta']
[0.222s] Level 1:colcon.colcon_core.package_identification:_identify(src/robots/Universal_Robots_ROS2_GZ_Simulation) by extension 'colcon_meta'
[0.223s] Level 1:colcon.colcon_core.package_identification:_identify(src/robots/Universal_Robots_ROS2_GZ_Simulation) by extensions ['ros']
[0.223s] Level 1:colcon.colcon_core.package_identification:_identify(src/robots/Universal_Robots_ROS2_GZ_Simulation) by extension 'ros'
[0.223s] Level 1:colcon.colcon_core.package_identification:_identify(src/robots/Universal_Robots_ROS2_GZ_Simulation) by extensions ['cmake', 'python']
[0.223s] Level 1:colcon.colcon_core.package_identification:_identify(src/robots/Universal_Robots_ROS2_GZ_Simulation) by extension 'cmake'
[0.223s] Level 1:colcon.colcon_core.package_identification:_identify(src/robots/Universal_Robots_ROS2_GZ_Simulation) by extension 'python'
[0.223s] Level 1:colcon.colcon_core.package_identification:_identify(src/robots/Universal_Robots_ROS2_GZ_Simulation) by extensions ['python_setup_py']
[0.223s] Level 1:colcon.colcon_core.package_identification:_identify(src/robots/Universal_Robots_ROS2_GZ_Simulation) by extension 'python_setup_py'
[0.223s] Level 1:colcon.colcon_core.package_identification:_identify(src/test_block) by extensions ['ignore', 'ignore_ament_install']
[0.223s] Level 1:colcon.colcon_core.package_identification:_identify(src/test_block) by extension 'ignore'
[0.223s] Level 1:colcon.colcon_core.package_identification:_identify(src/test_block) by extension 'ignore_ament_install'
[0.223s] Level 1:colcon.colcon_core.package_identification:_identify(src/test_block) by extensions ['colcon_pkg']
[0.223s] Level 1:colcon.colcon_core.package_identification:_identify(src/test_block) by extension 'colcon_pkg'
[0.223s] Level 1:colcon.colcon_core.package_identification:_identify(src/test_block) by extensions ['colcon_meta']
[0.223s] Level 1:colcon.colcon_core.package_identification:_identify(src/test_block) by extension 'colcon_meta'
[0.223s] Level 1:colcon.colcon_core.package_identification:_identify(src/test_block) by extensions ['ros']
[0.223s] Level 1:colcon.colcon_core.package_identification:_identify(src/test_block) by extension 'ros'
[0.223s] Level 1:colcon.colcon_core.package_identification:_identify(src/test_block) by extensions ['cmake', 'python']
[0.223s] Level 1:colcon.colcon_core.package_identification:_identify(src/test_block) by extension 'cmake'
[0.223s] Level 1:colcon.colcon_core.package_identification:_identify(src/test_block) by extension 'python'
[0.223s] Level 1:colcon.colcon_core.package_identification:_identify(src/test_block) by extensions ['python_setup_py']
[0.223s] Level 1:colcon.colcon_core.package_identification:_identify(src/test_block) by extension 'python_setup_py'
[0.223s] Level 1:colcon.colcon_core.package_discovery:discover_packages(recursive) using defaults
[0.223s] Level 1:colcon.colcon_core.package_discovery:discover_packages(ignore) discover
[0.223s] Level 1:colcon.colcon_core.package_discovery:discover_packages(ignore) using defaults
[0.223s] Level 1:colcon.colcon_core.package_discovery:discover_packages(path) discover
[0.223s] Level 1:colcon.colcon_core.package_discovery:discover_packages(path) using defaults
[0.236s] Level 1:colcon.colcon_core.package_discovery:discover_packages(prefix_path) check parameters
[0.236s] Level 1:colcon.colcon_core.package_discovery:discover_packages(prefix_path) discover
[0.238s] DEBUG:colcon.colcon_installed_package_information.package_discovery:Found 4 installed packages in /home/dstreib/ros2_bt/install
[0.239s] DEBUG:colcon.colcon_installed_package_information.package_discovery:Found 425 installed packages in /opt/ros/jazzy
[0.240s] Level 1:colcon.colcon_core.package_discovery:discover_packages(prefix_path) using defaults
[0.271s] Level 5:colcon.colcon_core.verb:set package 'environment' build argument 'cmake_args' from command line to 'None'
[0.271s] Level 5:colcon.colcon_core.verb:set package 'environment' build argument 'cmake_target' from command line to 'None'
[0.271s] Level 5:colcon.colcon_core.verb:set package 'environment' build argument 'cmake_target_skip_unavailable' from command line to 'False'
[0.271s] Level 5:colcon.colcon_core.verb:set package 'environment' build argument 'cmake_clean_cache' from command line to 'False'
[0.271s] Level 5:colcon.colcon_core.verb:set package 'environment' build argument 'cmake_clean_first' from command line to 'False'
[0.271s] Level 5:colcon.colcon_core.verb:set package 'environment' build argument 'cmake_force_configure' from command line to 'False'
[0.271s] Level 5:colcon.colcon_core.verb:set package 'environment' build argument 'ament_cmake_args' from command line to 'None'
[0.271s] Level 5:colcon.colcon_core.verb:set package 'environment' build argument 'catkin_cmake_args' from command line to 'None'
[0.271s] Level 5:colcon.colcon_core.verb:set package 'environment' build argument 'catkin_skip_building_tests' from command line to 'False'
[0.271s] DEBUG:colcon.colcon_core.verb:Building package 'environment' with the following arguments: {'ament_cmake_args': None, 'build_base': '/home/dstreib/UR5e_Assembly_of_Wooden_Pieces/build/environment', 'catkin_cmake_args': None, 'catkin_skip_building_tests': False, 'cmake_args': None, 'cmake_clean_cache': False, 'cmake_clean_first': False, 'cmake_force_configure': False, 'cmake_target': None, 'cmake_target_skip_unavailable': False, 'install_base': '/home/dstreib/UR5e_Assembly_of_Wooden_Pieces/install/environment', 'merge_install': False, 'path': '/home/dstreib/UR5e_Assembly_of_Wooden_Pieces/src/environment', 'symlink_install': False, 'test_result_base': None}
[0.271s] Level 5:colcon.colcon_core.verb:set package 'screwdriver_description' build argument 'cmake_args' from command line to 'None'
[0.271s] Level 5:colcon.colcon_core.verb:set package 'screwdriver_description' build argument 'cmake_target' from command line to 'None'
[0.271s] Level 5:colcon.colcon_core.verb:set package 'screwdriver_description' build argument 'cmake_target_skip_unavailable' from command line to 'False'
[0.271s] Level 5:colcon.colcon_core.verb:set package 'screwdriver_description' build argument 'cmake_clean_cache' from command line to 'False'
[0.271s] Level 5:colcon.colcon_core.verb:set package 'screwdriver_description' build argument 'cmake_clean_first' from command line to 'False'
[0.271s] Level 5:colcon.colcon_core.verb:set package 'screwdriver_description' build argument 'cmake_force_configure' from command line to 'False'
[0.271s] Level 5:colcon.colcon_core.verb:set package 'screwdriver_description' build argument 'ament_cmake_args' from command line to 'None'
[0.271s] Level 5:colcon.colcon_core.verb:set package 'screwdriver_description' build argument 'catkin_cmake_args' from command line to 'None'
[0.271s] Level 5:colcon.colcon_core.verb:set package 'screwdriver_description' build argument 'catkin_skip_building_tests' from command line to 'False'
[0.271s] DEBUG:colcon.colcon_core.verb:Building package 'screwdriver_description' with the following arguments: {'ament_cmake_args': None, 'build_base': '/home/dstreib/UR5e_Assembly_of_Wooden_Pieces/build/screwdriver_description', 'catkin_cmake_args': None, 'catkin_skip_building_tests': False, 'cmake_args': None, 'cmake_clean_cache': False, 'cmake_clean_first': False, 'cmake_force_configure': False, 'cmake_target': None, 'cmake_target_skip_unavailable': False, 'install_base': '/home/dstreib/UR5e_Assembly_of_Wooden_Pieces/install/screwdriver_description', 'merge_install': False, 'path': '/home/dstreib/UR5e_Assembly_of_Wooden_Pieces/src/attachments/screwdriver_description', 'symlink_install': False, 'test_result_base': None}
[0.271s] INFO:colcon.colcon_core.executor:Executing jobs using 'parallel' executor
[0.272s] DEBUG:colcon.colcon_parallel_executor.executor.parallel:run_until_complete
[0.272s] INFO:colcon.colcon_ros.task.ament_cmake.build:Building ROS package in '/home/dstreib/UR5e_Assembly_of_Wooden_Pieces/src/environment' with build type 'ament_cmake'
[0.272s] INFO:colcon.colcon_cmake.task.cmake.build:Building CMake package in '/home/dstreib/UR5e_Assembly_of_Wooden_Pieces/src/environment'
[0.277s] INFO:colcon.colcon_core.plugin_system:Skipping extension 'colcon_core.shell.bat': Not used on non-Windows systems
[0.277s] INFO:colcon.colcon_core.shell:Skip shell extension 'powershell' for command environment: Not usable outside of PowerShell
[0.277s] DEBUG:colcon.colcon_core.shell:Skip shell extension 'dsv' for command environment
[0.280s] INFO:colcon.colcon_ros.task.ament_cmake.build:Building ROS package in '/home/dstreib/UR5e_Assembly_of_Wooden_Pieces/src/attachments/screwdriver_description' with build type 'ament_cmake'
[0.280s] INFO:colcon.colcon_cmake.task.cmake.build:Building CMake package in '/home/dstreib/UR5e_Assembly_of_Wooden_Pieces/src/attachments/screwdriver_description'
[0.281s] INFO:colcon.colcon_core.shell:Skip shell extension 'powershell' for command environment: Not usable outside of PowerShell
[0.281s] DEBUG:colcon.colcon_core.shell:Skip shell extension 'dsv' for command environment
[0.284s] DEBUG:colcon.colcon_core.event_handler.log_command:Invoking command in '/home/dstreib/UR5e_Assembly_of_Wooden_Pieces/build/environment': CMAKE_PREFIX_PATH=${CMAKE_PREFIX_PATH}:/opt/ros/jazzy DEBUGINFOD_URLS=https://debuginfod.ubuntu.com /usr/bin/cmake /home/dstreib/UR5e_Assembly_of_Wooden_Pieces/src/environment -DCMAKE_INSTALL_PREFIX=/home/dstreib/UR5e_Assembly_of_Wooden_Pieces/install/environment
[0.287s] DEBUG:colcon.colcon_core.event_handler.log_command:Invoking command in '/home/dstreib/UR5e_Assembly_of_Wooden_Pieces/build/screwdriver_description': CMAKE_PREFIX_PATH=${CMAKE_PREFIX_PATH}:/opt/ros/jazzy DEBUGINFOD_URLS=https://debuginfod.ubuntu.com /usr/bin/cmake /home/dstreib/UR5e_Assembly_of_Wooden_Pieces/src/attachments/screwdriver_description -DCMAKE_INSTALL_PREFIX=/home/dstreib/UR5e_Assembly_of_Wooden_Pieces/install/screwdriver_description
[0.930s] DEBUG:colcon.colcon_core.event_handler.log_command:Invoked command in '/home/dstreib/UR5e_Assembly_of_Wooden_Pieces/build/environment' returned '0': CMAKE_PREFIX_PATH=${CMAKE_PREFIX_PATH}:/opt/ros/jazzy DEBUGINFOD_URLS=https://debuginfod.ubuntu.com /usr/bin/cmake /home/dstreib/UR5e_Assembly_of_Wooden_Pieces/src/environment -DCMAKE_INSTALL_PREFIX=/home/dstreib/UR5e_Assembly_of_Wooden_Pieces/install/environment
[0.930s] DEBUG:colcon.colcon_core.event_handler.log_command:Invoking command in '/home/dstreib/UR5e_Assembly_of_Wooden_Pieces/build/environment': CMAKE_PREFIX_PATH=${CMAKE_PREFIX_PATH}:/opt/ros/jazzy DEBUGINFOD_URLS=https://debuginfod.ubuntu.com /usr/bin/cmake --build /home/dstreib/UR5e_Assembly_of_Wooden_Pieces/build/environment -- -j22 -l22
[0.960s] DEBUG:colcon.colcon_core.event_handler.log_command:Invoked command in '/home/dstreib/UR5e_Assembly_of_Wooden_Pieces/build/environment' returned '0': CMAKE_PREFIX_PATH=${CMAKE_PREFIX_PATH}:/opt/ros/jazzy DEBUGINFOD_URLS=https://debuginfod.ubuntu.com /usr/bin/cmake --build /home/dstreib/UR5e_Assembly_of_Wooden_Pieces/build/environment -- -j22 -l22
[0.968s] DEBUG:colcon.colcon_core.event_handler.log_command:Invoking command in '/home/dstreib/UR5e_Assembly_of_Wooden_Pieces/build/environment': CMAKE_PREFIX_PATH=${CMAKE_PREFIX_PATH}:/opt/ros/jazzy DEBUGINFOD_URLS=https://debuginfod.ubuntu.com /usr/bin/cmake --install /home/dstreib/UR5e_Assembly_of_Wooden_Pieces/build/environment
[0.974s] Level 1:colcon.colcon_core.environment:create_environment_scripts_only(environment)
[0.975s] DEBUG:colcon.colcon_core.event_handler.log_command:Invoked command in '/home/dstreib/UR5e_Assembly_of_Wooden_Pieces/build/environment' returned '0': CMAKE_PREFIX_PATH=${CMAKE_PREFIX_PATH}:/opt/ros/jazzy DEBUGINFOD_URLS=https://debuginfod.ubuntu.com /usr/bin/cmake --install /home/dstreib/UR5e_Assembly_of_Wooden_Pieces/build/environment
[0.979s] Level 1:colcon.colcon_core.environment:checking '/home/dstreib/UR5e_Assembly_of_Wooden_Pieces/install/environment' for CMake module files
[0.980s] Level 1:colcon.colcon_core.environment:checking '/home/dstreib/UR5e_Assembly_of_Wooden_Pieces/install/environment' for CMake config files
[0.980s] Level 1:colcon.colcon_core.shell:create_environment_hook('environment', 'cmake_prefix_path')
[0.980s] INFO:colcon.colcon_core.shell:Creating environment hook '/home/dstreib/UR5e_Assembly_of_Wooden_Pieces/install/environment/share/environment/hook/cmake_prefix_path.ps1'
[0.981s] INFO:colcon.colcon_core.shell:Creating environment descriptor '/home/dstreib/UR5e_Assembly_of_Wooden_Pieces/install/environment/share/environment/hook/cmake_prefix_path.dsv'
[0.981s] INFO:colcon.colcon_core.shell:Creating environment hook '/home/dstreib/UR5e_Assembly_of_Wooden_Pieces/install/environment/share/environment/hook/cmake_prefix_path.sh'
[0.982s] Level 1:colcon.colcon_core.environment:checking '/home/dstreib/UR5e_Assembly_of_Wooden_Pieces/install/environment/bin'
[0.982s] Level 1:colcon.colcon_core.environment:checking '/home/dstreib/UR5e_Assembly_of_Wooden_Pieces/install/environment/lib/pkgconfig/environment.pc'
[0.982s] Level 1:colcon.colcon_core.environment:checking '/home/dstreib/UR5e_Assembly_of_Wooden_Pieces/install/environment/lib/python3.12/site-packages'
[0.982s] Level 1:colcon.colcon_core.environment:checking '/home/dstreib/UR5e_Assembly_of_Wooden_Pieces/install/environment/bin'
[0.982s] INFO:colcon.colcon_core.shell:Creating package script '/home/dstreib/UR5e_Assembly_of_Wooden_Pieces/install/environment/share/environment/package.ps1'
[0.983s] INFO:colcon.colcon_core.shell:Creating package descriptor '/home/dstreib/UR5e_Assembly_of_Wooden_Pieces/install/environment/share/environment/package.dsv'
[0.983s] INFO:colcon.colcon_core.shell:Creating package script '/home/dstreib/UR5e_Assembly_of_Wooden_Pieces/install/environment/share/environment/package.sh'
[0.983s] INFO:colcon.colcon_core.shell:Creating package script '/home/dstreib/UR5e_Assembly_of_Wooden_Pieces/install/environment/share/environment/package.bash'
[0.984s] INFO:colcon.colcon_core.shell:Creating package script '/home/dstreib/UR5e_Assembly_of_Wooden_Pieces/install/environment/share/environment/package.zsh'
[0.984s] Level 1:colcon.colcon_core.environment:create_file_with_runtime_dependencies(/home/dstreib/UR5e_Assembly_of_Wooden_Pieces/install/environment/share/colcon-core/packages/environment)
[0.984s] Level 1:colcon.colcon_core.environment:create_environment_scripts_only(environment)
[0.984s] Level 1:colcon.colcon_core.environment:checking '/home/dstreib/UR5e_Assembly_of_Wooden_Pieces/install/environment' for CMake module files
[0.985s] Level 1:colcon.colcon_core.environment:checking '/home/dstreib/UR5e_Assembly_of_Wooden_Pieces/install/environment' for CMake config files
[0.985s] Level 1:colcon.colcon_core.shell:create_environment_hook('environment', 'cmake_prefix_path')
[0.985s] INFO:colcon.colcon_core.shell:Creating environment hook '/home/dstreib/UR5e_Assembly_of_Wooden_Pieces/install/environment/share/environment/hook/cmake_prefix_path.ps1'
[0.985s] INFO:colcon.colcon_core.shell:Creating environment descriptor '/home/dstreib/UR5e_Assembly_of_Wooden_Pieces/install/environment/share/environment/hook/cmake_prefix_path.dsv'
[0.985s] INFO:colcon.colcon_core.shell:Creating environment hook '/home/dstreib/UR5e_Assembly_of_Wooden_Pieces/install/environment/share/environment/hook/cmake_prefix_path.sh'
[0.986s] Level 1:colcon.colcon_core.environment:checking '/home/dstreib/UR5e_Assembly_of_Wooden_Pieces/install/environment/bin'
[0.986s] Level 1:colcon.colcon_core.environment:checking '/home/dstreib/UR5e_Assembly_of_Wooden_Pieces/install/environment/lib/pkgconfig/environment.pc'
[0.986s] Level 1:colcon.colcon_core.environment:checking '/home/dstreib/UR5e_Assembly_of_Wooden_Pieces/install/environment/lib/python3.12/site-packages'
[0.986s] Level 1:colcon.colcon_core.environment:checking '/home/dstreib/UR5e_Assembly_of_Wooden_Pieces/install/environment/bin'
[0.986s] INFO:colcon.colcon_core.shell:Creating package script '/home/dstreib/UR5e_Assembly_of_Wooden_Pieces/install/environment/share/environment/package.ps1'
[0.986s] INFO:colcon.colcon_core.shell:Creating package descriptor '/home/dstreib/UR5e_Assembly_of_Wooden_Pieces/install/environment/share/environment/package.dsv'
[0.986s] INFO:colcon.colcon_core.shell:Creating package script '/home/dstreib/UR5e_Assembly_of_Wooden_Pieces/install/environment/share/environment/package.sh'
[0.987s] INFO:colcon.colcon_core.shell:Creating package script '/home/dstreib/UR5e_Assembly_of_Wooden_Pieces/install/environment/share/environment/package.bash'
[0.987s] INFO:colcon.colcon_core.shell:Creating package script '/home/dstreib/UR5e_Assembly_of_Wooden_Pieces/install/environment/share/environment/package.zsh'
[0.987s] Level 1:colcon.colcon_core.environment:create_file_with_runtime_dependencies(/home/dstreib/UR5e_Assembly_of_Wooden_Pieces/install/environment/share/colcon-core/packages/environment)
[1.044s] DEBUG:colcon.colcon_core.event_handler.log_command:Invoked command in '/home/dstreib/UR5e_Assembly_of_Wooden_Pieces/build/screwdriver_description' returned '0': CMAKE_PREFIX_PATH=${CMAKE_PREFIX_PATH}:/opt/ros/jazzy DEBUGINFOD_URLS=https://debuginfod.ubuntu.com /usr/bin/cmake /home/dstreib/UR5e_Assembly_of_Wooden_Pieces/src/attachments/screwdriver_description -DCMAKE_INSTALL_PREFIX=/home/dstreib/UR5e_Assembly_of_Wooden_Pieces/install/screwdriver_description
[1.046s] DEBUG:colcon.colcon_core.event_handler.log_command:Invoking command in '/home/dstreib/UR5e_Assembly_of_Wooden_Pieces/build/screwdriver_description': CMAKE_PREFIX_PATH=${CMAKE_PREFIX_PATH}:/opt/ros/jazzy DEBUGINFOD_URLS=https://debuginfod.ubuntu.com /usr/bin/cmake --build /home/dstreib/UR5e_Assembly_of_Wooden_Pieces/build/screwdriver_description -- -j22 -l22
[1.084s] DEBUG:colcon.colcon_core.event_handler.log_command:Invoked command in '/home/dstreib/UR5e_Assembly_of_Wooden_Pieces/build/screwdriver_description' returned '0': CMAKE_PREFIX_PATH=${CMAKE_PREFIX_PATH}:/opt/ros/jazzy DEBUGINFOD_URLS=https://debuginfod.ubuntu.com /usr/bin/cmake --build /home/dstreib/UR5e_Assembly_of_Wooden_Pieces/build/screwdriver_description -- -j22 -l22
[1.085s] DEBUG:colcon.colcon_core.event_handler.log_command:Invoking command in '/home/dstreib/UR5e_Assembly_of_Wooden_Pieces/build/screwdriver_description': CMAKE_PREFIX_PATH=${CMAKE_PREFIX_PATH}:/opt/ros/jazzy DEBUGINFOD_URLS=https://debuginfod.ubuntu.com /usr/bin/cmake --install /home/dstreib/UR5e_Assembly_of_Wooden_Pieces/build/screwdriver_description
[1.092s] Level 1:colcon.colcon_core.environment:create_environment_scripts_only(screwdriver_description)
[1.092s] DEBUG:colcon.colcon_core.event_handler.log_command:Invoked command in '/home/dstreib/UR5e_Assembly_of_Wooden_Pieces/build/screwdriver_description' returned '0': CMAKE_PREFIX_PATH=${CMAKE_PREFIX_PATH}:/opt/ros/jazzy DEBUGINFOD_URLS=https://debuginfod.ubuntu.com /usr/bin/cmake --install /home/dstreib/UR5e_Assembly_of_Wooden_Pieces/build/screwdriver_description
[1.093s] Level 1:colcon.colcon_core.environment:checking '/home/dstreib/UR5e_Assembly_of_Wooden_Pieces/install/screwdriver_description' for CMake module files
[1.094s] Level 1:colcon.colcon_core.environment:checking '/home/dstreib/UR5e_Assembly_of_Wooden_Pieces/install/screwdriver_description' for CMake config files
[1.094s] Level 1:colcon.colcon_core.shell:create_environment_hook('screwdriver_description', 'cmake_prefix_path')
[1.094s] INFO:colcon.colcon_core.shell:Creating environment hook '/home/dstreib/UR5e_Assembly_of_Wooden_Pieces/install/screwdriver_description/share/screwdriver_description/hook/cmake_prefix_path.ps1'
[1.094s] INFO:colcon.colcon_core.shell:Creating environment descriptor '/home/dstreib/UR5e_Assembly_of_Wooden_Pieces/install/screwdriver_description/share/screwdriver_description/hook/cmake_prefix_path.dsv'
[1.095s] INFO:colcon.colcon_core.shell:Creating environment hook '/home/dstreib/UR5e_Assembly_of_Wooden_Pieces/install/screwdriver_description/share/screwdriver_description/hook/cmake_prefix_path.sh'
[1.096s] Level 1:colcon.colcon_core.environment:checking '/home/dstreib/UR5e_Assembly_of_Wooden_Pieces/install/screwdriver_description/bin'
[1.096s] Level 1:colcon.colcon_core.environment:checking '/home/dstreib/UR5e_Assembly_of_Wooden_Pieces/install/screwdriver_description/lib/pkgconfig/screwdriver_description.pc'
[1.096s] Level 1:colcon.colcon_core.environment:checking '/home/dstreib/UR5e_Assembly_of_Wooden_Pieces/install/screwdriver_description/lib/python3.12/site-packages'
[1.096s] Level 1:colcon.colcon_core.environment:checking '/home/dstreib/UR5e_Assembly_of_Wooden_Pieces/install/screwdriver_description/bin'
[1.096s] INFO:colcon.colcon_core.shell:Creating package script '/home/dstreib/UR5e_Assembly_of_Wooden_Pieces/install/screwdriver_description/share/screwdriver_description/package.ps1'
[1.096s] INFO:colcon.colcon_core.shell:Creating package descriptor '/home/dstreib/UR5e_Assembly_of_Wooden_Pieces/install/screwdriver_description/share/screwdriver_description/package.dsv'
[1.097s] INFO:colcon.colcon_core.shell:Creating package script '/home/dstreib/UR5e_Assembly_of_Wooden_Pieces/install/screwdriver_description/share/screwdriver_description/package.sh'
[1.097s] INFO:colcon.colcon_core.shell:Creating package script '/home/dstreib/UR5e_Assembly_of_Wooden_Pieces/install/screwdriver_description/share/screwdriver_description/package.bash'
[1.097s] INFO:colcon.colcon_core.shell:Creating package script '/home/dstreib/UR5e_Assembly_of_Wooden_Pieces/install/screwdriver_description/share/screwdriver_description/package.zsh'
[1.097s] Level 1:colcon.colcon_core.environment:create_file_with_runtime_dependencies(/home/dstreib/UR5e_Assembly_of_Wooden_Pieces/install/screwdriver_description/share/colcon-core/packages/screwdriver_description)
[1.097s] Level 1:colcon.colcon_core.environment:create_environment_scripts_only(screwdriver_description)
[1.097s] Level 1:colcon.colcon_core.environment:checking '/home/dstreib/UR5e_Assembly_of_Wooden_Pieces/install/screwdriver_description' for CMake module files
[1.098s] Level 1:colcon.colcon_core.environment:checking '/home/dstreib/UR5e_Assembly_of_Wooden_Pieces/install/screwdriver_description' for CMake config files
[1.098s] Level 1:colcon.colcon_core.shell:create_environment_hook('screwdriver_description', 'cmake_prefix_path')
[1.098s] INFO:colcon.colcon_core.shell:Creating environment hook '/home/dstreib/UR5e_Assembly_of_Wooden_Pieces/install/screwdriver_description/share/screwdriver_description/hook/cmake_prefix_path.ps1'
[1.098s] INFO:colcon.colcon_core.shell:Creating environment descriptor '/home/dstreib/UR5e_Assembly_of_Wooden_Pieces/install/screwdriver_description/share/screwdriver_description/hook/cmake_prefix_path.dsv'
[1.098s] INFO:colcon.colcon_core.shell:Creating environment hook '/home/dstreib/UR5e_Assembly_of_Wooden_Pieces/install/screwdriver_description/share/screwdriver_description/hook/cmake_prefix_path.sh'
[1.098s] Level 1:colcon.colcon_core.environment:checking '/home/dstreib/UR5e_Assembly_of_Wooden_Pieces/install/screwdriver_description/bin'
[1.098s] Level 1:colcon.colcon_core.environment:checking '/home/dstreib/UR5e_Assembly_of_Wooden_Pieces/install/screwdriver_description/lib/pkgconfig/screwdriver_description.pc'
[1.099s] Level 1:colcon.colcon_core.environment:checking '/home/dstreib/UR5e_Assembly_of_Wooden_Pieces/install/screwdriver_description/lib/python3.12/site-packages'
[1.099s] Level 1:colcon.colcon_core.environment:checking '/home/dstreib/UR5e_Assembly_of_Wooden_Pieces/install/screwdriver_description/bin'
[1.099s] INFO:colcon.colcon_core.shell:Creating package script '/home/dstreib/UR5e_Assembly_of_Wooden_Pieces/install/screwdriver_description/share/screwdriver_description/package.ps1'
[1.099s] INFO:colcon.colcon_core.shell:Creating package descriptor '/home/dstreib/UR5e_Assembly_of_Wooden_Pieces/install/screwdriver_description/share/screwdriver_description/package.dsv'
[1.099s] INFO:colcon.colcon_core.shell:Creating package script '/home/dstreib/UR5e_Assembly_of_Wooden_Pieces/install/screwdriver_description/share/screwdriver_description/package.sh'
[1.099s] INFO:colcon.colcon_core.shell:Creating package script '/home/dstreib/UR5e_Assembly_of_Wooden_Pieces/install/screwdriver_description/share/screwdriver_description/package.bash'
[1.100s] INFO:colcon.colcon_core.shell:Creating package script '/home/dstreib/UR5e_Assembly_of_Wooden_Pieces/install/screwdriver_description/share/screwdriver_description/package.zsh'
[1.100s] Level 1:colcon.colcon_core.environment:create_file_with_runtime_dependencies(/home/dstreib/UR5e_Assembly_of_Wooden_Pieces/install/screwdriver_description/share/colcon-core/packages/screwdriver_description)
[1.100s] DEBUG:colcon.colcon_parallel_executor.executor.parallel:closing loop
[1.100s] DEBUG:colcon.colcon_parallel_executor.executor.parallel:loop closed
[1.100s] DEBUG:colcon.colcon_parallel_executor.executor.parallel:run_until_complete finished with '0'
[1.100s] DEBUG:colcon.colcon_core.event_reactor:joining thread
[1.105s] INFO:colcon.colcon_core.plugin_system:Skipping extension 'colcon_notification.desktop_notification.terminal_notifier': Not used on non-Darwin systems
[1.105s] INFO:colcon.colcon_core.plugin_system:Skipping extension 'colcon_notification.desktop_notification.win32': Not used on non-Windows systems
[1.105s] INFO:colcon.colcon_notification.desktop_notification:Sending desktop notification using 'notify2'
[1.120s] DEBUG:colcon.colcon_core.event_reactor:joined thread
[1.120s] INFO:colcon.colcon_core.shell:Creating prefix script '/home/dstreib/UR5e_Assembly_of_Wooden_Pieces/install/local_setup.ps1'
[1.121s] INFO:colcon.colcon_core.shell:Creating prefix util module '/home/dstreib/UR5e_Assembly_of_Wooden_Pieces/install/_local_setup_util_ps1.py'
[1.122s] INFO:colcon.colcon_core.shell:Creating prefix chain script '/home/dstreib/UR5e_Assembly_of_Wooden_Pieces/install/setup.ps1'
[1.122s] INFO:colcon.colcon_core.shell:Creating prefix script '/home/dstreib/UR5e_Assembly_of_Wooden_Pieces/install/local_setup.sh'
[1.123s] INFO:colcon.colcon_core.shell:Creating prefix util module '/home/dstreib/UR5e_Assembly_of_Wooden_Pieces/install/_local_setup_util_sh.py'
[1.123s] INFO:colcon.colcon_core.shell:Creating prefix chain script '/home/dstreib/UR5e_Assembly_of_Wooden_Pieces/install/setup.sh'
[1.123s] INFO:colcon.colcon_core.shell:Creating prefix script '/home/dstreib/UR5e_Assembly_of_Wooden_Pieces/install/local_setup.bash'
[1.124s] INFO:colcon.colcon_core.shell:Creating prefix chain script '/home/dstreib/UR5e_Assembly_of_Wooden_Pieces/install/setup.bash'
[1.124s] INFO:colcon.colcon_core.shell:Creating prefix script '/home/dstreib/UR5e_Assembly_of_Wooden_Pieces/install/local_setup.zsh'
[1.125s] INFO:colcon.colcon_core.shell:Creating prefix chain script '/home/dstreib/UR5e_Assembly_of_Wooden_Pieces/install/setup.zsh'
