[0.011s] Invoking command in '/home/dstreib/UR5e_Assembly_of_Wooden_Pieces/build/environment': CMAKE_PREFIX_PATH=${CMAKE_PREFIX_PATH}:/opt/ros/jazzy DEBUGINFOD_URLS=https://debuginfod.ubuntu.com /usr/bin/cmake /home/dstreib/UR5e_Assembly_of_Wooden_Pieces/src/environment -DCMAKE_INSTALL_PREFIX=/home/dstreib/UR5e_Assembly_of_Wooden_Pieces/install/environment
[0.111s] -- The C compiler identification is GNU 13.3.0
[0.183s] -- The CXX compiler identification is GNU 13.3.0
[0.199s] -- Detecting C compiler ABI info
[0.279s] -- Detecting C compiler ABI info - done
[0.287s] -- Check for working C compiler: /usr/bin/cc - skipped
[0.287s] -- Detecting C compile features
[0.287s] -- Detecting C compile features - done
[0.293s] -- Detecting CXX compiler ABI info
[0.373s] -- Detecting CXX compiler ABI info - done
[0.379s] -- Check for working CXX compiler: /usr/bin/c++ - skipped
[0.379s] -- Detecting CXX compile features
[0.379s] -- Detecting CXX compile features - done
[0.385s] -- Found ament_cmake: 2.5.3 (/opt/ros/jazzy/share/ament_cmake/cmake)
[0.487s] -- Found Python3: /usr/bin/python3 (found version "3.12.3") found components: Interpreter 
[0.573s] -- Found ament_lint_auto: 0.17.1 (/opt/ros/jazzy/share/ament_lint_auto/cmake)
[0.648s] -- Added test 'lint_cmake' to check CMake code style
[0.649s] -- Added test 'xmllint' to check XML markup files
[0.650s] -- Configuring done (0.6s)
[0.651s] -- Generating done (0.0s)
[0.652s] -- Build files have been written to: /home/dstreib/UR5e_Assembly_of_Wooden_Pieces/build/environment
[0.657s] Invoked command in '/home/dstreib/UR5e_Assembly_of_Wooden_Pieces/build/environment' returned '0': CMAKE_PREFIX_PATH=${CMAKE_PREFIX_PATH}:/opt/ros/jazzy DEBUGINFOD_URLS=https://debuginfod.ubuntu.com /usr/bin/cmake /home/dstreib/UR5e_Assembly_of_Wooden_Pieces/src/environment -DCMAKE_INSTALL_PREFIX=/home/dstreib/UR5e_Assembly_of_Wooden_Pieces/install/environment
[0.657s] Invoking command in '/home/dstreib/UR5e_Assembly_of_Wooden_Pieces/build/environment': CMAKE_PREFIX_PATH=${CMAKE_PREFIX_PATH}:/opt/ros/jazzy DEBUGINFOD_URLS=https://debuginfod.ubuntu.com /usr/bin/cmake --build /home/dstreib/UR5e_Assembly_of_Wooden_Pieces/build/environment -- -j22 -l22
[0.687s] Invoked command in '/home/dstreib/UR5e_Assembly_of_Wooden_Pieces/build/environment' returned '0': CMAKE_PREFIX_PATH=${CMAKE_PREFIX_PATH}:/opt/ros/jazzy DEBUGINFOD_URLS=https://debuginfod.ubuntu.com /usr/bin/cmake --build /home/dstreib/UR5e_Assembly_of_Wooden_Pieces/build/environment -- -j22 -l22
[0.695s] Invoking command in '/home/dstreib/UR5e_Assembly_of_Wooden_Pieces/build/environment': CMAKE_PREFIX_PATH=${CMAKE_PREFIX_PATH}:/opt/ros/jazzy DEBUGINFOD_URLS=https://debuginfod.ubuntu.com /usr/bin/cmake --install /home/dstreib/UR5e_Assembly_of_Wooden_Pieces/build/environment
[0.700s] -- Install configuration: ""
[0.700s] -- Installing: /home/dstreib/UR5e_Assembly_of_Wooden_Pieces/install/environment/share/ament_index/resource_index/package_run_dependencies/environment
[0.700s] -- Installing: /home/dstreib/UR5e_Assembly_of_Wooden_Pieces/install/environment/share/ament_index/resource_index/parent_prefix_path/environment
[0.700s] -- Installing: /home/dstreib/UR5e_Assembly_of_Wooden_Pieces/install/environment/share/environment/environment/ament_prefix_path.sh
[0.700s] -- Installing: /home/dstreib/UR5e_Assembly_of_Wooden_Pieces/install/environment/share/environment/environment/ament_prefix_path.dsv
[0.700s] -- Installing: /home/dstreib/UR5e_Assembly_of_Wooden_Pieces/install/environment/share/environment/environment/path.sh
[0.700s] -- Installing: /home/dstreib/UR5e_Assembly_of_Wooden_Pieces/install/environment/share/environment/environment/path.dsv
[0.700s] -- Installing: /home/dstreib/UR5e_Assembly_of_Wooden_Pieces/install/environment/share/environment/local_setup.bash
[0.700s] -- Installing: /home/dstreib/UR5e_Assembly_of_Wooden_Pieces/install/environment/share/environment/local_setup.sh
[0.701s] -- Installing: /home/dstreib/UR5e_Assembly_of_Wooden_Pieces/install/environment/share/environment/local_setup.zsh
[0.701s] -- Installing: /home/dstreib/UR5e_Assembly_of_Wooden_Pieces/install/environment/share/environment/local_setup.dsv
[0.701s] -- Installing: /home/dstreib/UR5e_Assembly_of_Wooden_Pieces/install/environment/share/environment/package.dsv
[0.701s] -- Installing: /home/dstreib/UR5e_Assembly_of_Wooden_Pieces/install/environment/share/ament_index/resource_index/packages/environment
[0.701s] -- Installing: /home/dstreib/UR5e_Assembly_of_Wooden_Pieces/install/environment/share/environment/cmake/environmentConfig.cmake
[0.701s] -- Installing: /home/dstreib/UR5e_Assembly_of_Wooden_Pieces/install/environment/share/environment/cmake/environmentConfig-version.cmake
[0.701s] -- Installing: /home/dstreib/UR5e_Assembly_of_Wooden_Pieces/install/environment/share/environment/package.xml
[0.702s] Invoked command in '/home/dstreib/UR5e_Assembly_of_Wooden_Pieces/build/environment' returned '0': CMAKE_PREFIX_PATH=${CMAKE_PREFIX_PATH}:/opt/ros/jazzy DEBUGINFOD_URLS=https://debuginfod.ubuntu.com /usr/bin/cmake --install /home/dstreib/UR5e_Assembly_of_Wooden_Pieces/build/environment
