[0.010s] Invoking command in '/home/dstreib/UR5e_Assembly_of_Wooden_Pieces/build/ur_simulation_gz': CMAKE_PREFIX_PATH=${CMAKE_PREFIX_PATH}:/opt/ros/jazzy DEBUGINFOD_URLS=https://debuginfod.ubuntu.com /usr/bin/cmake /home/dstreib/UR5e_Assembly_of_Wooden_Pieces/src/robots/Universal_Robots_ROS2_GZ_Simulation/ur_simulation_gz -DCMAKE_INSTALL_PREFIX=/home/dstreib/UR5e_Assembly_of_Wooden_Pieces/install/ur_simulation_gz
[0.052s] -- The C compiler identification is GNU 13.3.0
[0.088s] -- The CXX compiler identification is GNU 13.3.0
[0.101s] -- Detecting C compiler ABI info
[0.175s] -- Detecting C compiler ABI info - done
[0.181s] -- Check for working C compiler: /usr/bin/cc - skipped
[0.181s] -- Detecting C compile features
[0.181s] -- Detecting C compile features - done
[0.190s] -- Detecting CXX compiler ABI info
[0.273s] -- Detecting CXX compiler ABI info - done
[0.281s] -- Check for working CXX compiler: /usr/bin/c++ - skipped
[0.281s] -- Detecting CXX compile features
[0.281s] -- Detecting CXX compile features - done
[0.283s] -- Found ament_cmake: 2.5.3 (/opt/ros/jazzy/share/ament_cmake/cmake)
[0.395s] -- Found Python3: /usr/bin/python3 (found version "3.12.3") found components: Interpreter 
[0.473s] -- Found launch_testing_ament_cmake: 3.4.3 (/opt/ros/jazzy/share/launch_testing_ament_cmake/cmake)
[0.474s] -- Found python_cmake_module: 0.11.1 (/opt/ros/jazzy/share/python_cmake_module/cmake)
[0.571s] -- Found PythonExtra: /usr/bin/python3  
[0.573s] -- Found ament_cmake_pytest: 2.5.3 (/opt/ros/jazzy/share/ament_cmake_pytest/cmake)
[0.901s] -- Configuring done (0.9s)
[0.902s] -- Generating done (0.0s)
[0.903s] -- Build files have been written to: /home/dstreib/UR5e_Assembly_of_Wooden_Pieces/build/ur_simulation_gz
[0.908s] Invoked command in '/home/dstreib/UR5e_Assembly_of_Wooden_Pieces/build/ur_simulation_gz' returned '0': CMAKE_PREFIX_PATH=${CMAKE_PREFIX_PATH}:/opt/ros/jazzy DEBUGINFOD_URLS=https://debuginfod.ubuntu.com /usr/bin/cmake /home/dstreib/UR5e_Assembly_of_Wooden_Pieces/src/robots/Universal_Robots_ROS2_GZ_Simulation/ur_simulation_gz -DCMAKE_INSTALL_PREFIX=/home/dstreib/UR5e_Assembly_of_Wooden_Pieces/install/ur_simulation_gz
[0.909s] Invoking command in '/home/dstreib/UR5e_Assembly_of_Wooden_Pieces/build/ur_simulation_gz': CMAKE_PREFIX_PATH=${CMAKE_PREFIX_PATH}:/opt/ros/jazzy DEBUGINFOD_URLS=https://debuginfod.ubuntu.com /usr/bin/cmake --build /home/dstreib/UR5e_Assembly_of_Wooden_Pieces/build/ur_simulation_gz -- -j22 -l22
[0.942s] Invoked command in '/home/dstreib/UR5e_Assembly_of_Wooden_Pieces/build/ur_simulation_gz' returned '0': CMAKE_PREFIX_PATH=${CMAKE_PREFIX_PATH}:/opt/ros/jazzy DEBUGINFOD_URLS=https://debuginfod.ubuntu.com /usr/bin/cmake --build /home/dstreib/UR5e_Assembly_of_Wooden_Pieces/build/ur_simulation_gz -- -j22 -l22
[0.943s] Invoking command in '/home/dstreib/UR5e_Assembly_of_Wooden_Pieces/build/ur_simulation_gz': CMAKE_PREFIX_PATH=${CMAKE_PREFIX_PATH}:/opt/ros/jazzy DEBUGINFOD_URLS=https://debuginfod.ubuntu.com /usr/bin/cmake --install /home/dstreib/UR5e_Assembly_of_Wooden_Pieces/build/ur_simulation_gz
[0.948s] -- Install configuration: ""
[0.948s] -- Installing: /home/dstreib/UR5e_Assembly_of_Wooden_Pieces/install/ur_simulation_gz/share/ur_simulation_gz/config
[0.948s] -- Installing: /home/dstreib/UR5e_Assembly_of_Wooden_Pieces/install/ur_simulation_gz/share/ur_simulation_gz/config/ur_controllers.yaml
[0.948s] -- Installing: /home/dstreib/UR5e_Assembly_of_Wooden_Pieces/install/ur_simulation_gz/share/ur_simulation_gz/launch
[0.949s] -- Installing: /home/dstreib/UR5e_Assembly_of_Wooden_Pieces/install/ur_simulation_gz/share/ur_simulation_gz/launch/ur_sim_moveit.launch.py
[0.949s] -- Installing: /home/dstreib/UR5e_Assembly_of_Wooden_Pieces/install/ur_simulation_gz/share/ur_simulation_gz/launch/ur_sim_control.launch.py
[0.949s] -- Installing: /home/dstreib/UR5e_Assembly_of_Wooden_Pieces/install/ur_simulation_gz/share/ur_simulation_gz/urdf
[0.949s] -- Installing: /home/dstreib/UR5e_Assembly_of_Wooden_Pieces/install/ur_simulation_gz/share/ur_simulation_gz/urdf/ur_gz.urdf.xacro
[0.949s] -- Installing: /home/dstreib/UR5e_Assembly_of_Wooden_Pieces/install/ur_simulation_gz/share/ur_simulation_gz/urdf/ur_gz.ros2_control.xacro
[0.949s] -- Installing: /home/dstreib/UR5e_Assembly_of_Wooden_Pieces/install/ur_simulation_gz/share/ament_index/resource_index/package_run_dependencies/ur_simulation_gz
[0.949s] -- Installing: /home/dstreib/UR5e_Assembly_of_Wooden_Pieces/install/ur_simulation_gz/share/ament_index/resource_index/parent_prefix_path/ur_simulation_gz
[0.949s] -- Installing: /home/dstreib/UR5e_Assembly_of_Wooden_Pieces/install/ur_simulation_gz/share/ur_simulation_gz/environment/ament_prefix_path.sh
[0.949s] -- Installing: /home/dstreib/UR5e_Assembly_of_Wooden_Pieces/install/ur_simulation_gz/share/ur_simulation_gz/environment/ament_prefix_path.dsv
[0.949s] -- Installing: /home/dstreib/UR5e_Assembly_of_Wooden_Pieces/install/ur_simulation_gz/share/ur_simulation_gz/environment/path.sh
[0.949s] -- Installing: /home/dstreib/UR5e_Assembly_of_Wooden_Pieces/install/ur_simulation_gz/share/ur_simulation_gz/environment/path.dsv
[0.949s] -- Installing: /home/dstreib/UR5e_Assembly_of_Wooden_Pieces/install/ur_simulation_gz/share/ur_simulation_gz/local_setup.bash
[0.950s] -- Installing: /home/dstreib/UR5e_Assembly_of_Wooden_Pieces/install/ur_simulation_gz/share/ur_simulation_gz/local_setup.sh
[0.950s] -- Installing: /home/dstreib/UR5e_Assembly_of_Wooden_Pieces/install/ur_simulation_gz/share/ur_simulation_gz/local_setup.zsh
[0.950s] -- Installing: /home/dstreib/UR5e_Assembly_of_Wooden_Pieces/install/ur_simulation_gz/share/ur_simulation_gz/local_setup.dsv
[0.950s] -- Installing: /home/dstreib/UR5e_Assembly_of_Wooden_Pieces/install/ur_simulation_gz/share/ur_simulation_gz/package.dsv
[0.950s] -- Installing: /home/dstreib/UR5e_Assembly_of_Wooden_Pieces/install/ur_simulation_gz/share/ament_index/resource_index/packages/ur_simulation_gz
[0.950s] -- Installing: /home/dstreib/UR5e_Assembly_of_Wooden_Pieces/install/ur_simulation_gz/share/ur_simulation_gz/cmake/ur_simulation_gzConfig.cmake
[0.950s] -- Installing: /home/dstreib/UR5e_Assembly_of_Wooden_Pieces/install/ur_simulation_gz/share/ur_simulation_gz/cmake/ur_simulation_gzConfig-version.cmake
[0.950s] -- Installing: /home/dstreib/UR5e_Assembly_of_Wooden_Pieces/install/ur_simulation_gz/share/ur_simulation_gz/package.xml
[0.951s] Invoked command in '/home/dstreib/UR5e_Assembly_of_Wooden_Pieces/build/ur_simulation_gz' returned '0': CMAKE_PREFIX_PATH=${CMAKE_PREFIX_PATH}:/opt/ros/jazzy DEBUGINFOD_URLS=https://debuginfod.ubuntu.com /usr/bin/cmake --install /home/dstreib/UR5e_Assembly_of_Wooden_Pieces/build/ur_simulation_gz
