[0.008s] Invoking command in '/home/dstreib/ur5e/build/moveit_config': CMAKE_PREFIX_PATH=/home/dstreib/ur5e/install/my_robot_cell_description:/home/dstreib/ur5e/install/ur_description:/home/dstreib/ur5e/install/my_robot_cell_control:/home/dstreib/ur5e/install/moveit_config:/home/dstreib/ros2_bt/install/urdf_tutorial:/home/dstreib/ros2_bt/install/ur_description:/home/dstreib/ros2_bt/install/screwdriver_description:/home/dstreib/ur_tutorials/install/ur:/home/dstreib/ur_tutorials/install/ur_calibration:/home/dstreib/ur_tutorials/install/ur_robot_driver:/home/dstreib/ur_tutorials/install/ur_moveit_config:/home/dstreib/ur_tutorials/install/ur_controllers:/home/dstreib/ur_tutorials/install/ur_dashboard_msgs:/home/dstreib/ur_tutorials/install/my_robot_ur5e_moveit:/home/dstreib/ur_tutorials/install/ur_description:/home/dstreib/ur_tutorials/install/my_robot_cell_moveit_config:/home/dstreib/ur_tutorials/install/my_robot_cell_control:/home/dstreib/ur_tutorials/install/my_robot_cell_description:/opt/ros/jazzy/opt/gz_sim_vendor:/opt/ros/jazzy/opt/gz_sensors_vendor:/opt/ros/jazzy/opt/gz_physics_vendor:/opt/ros/jazzy/opt/sdformat_vendor:/opt/ros/jazzy/opt/gz_gui_vendor:/opt/ros/jazzy/opt/gz_transport_vendor:/opt/ros/jazzy/opt/gz_rendering_vendor:/opt/ros/jazzy/opt/gz_plugin_vendor:/opt/ros/jazzy/opt/gz_fuel_tools_vendor:/opt/ros/jazzy/opt/gz_msgs_vendor:/opt/ros/jazzy/opt/gz_common_vendor:/opt/ros/jazzy/opt/gz_math_vendor:/opt/ros/jazzy/opt/gz_utils_vendor:/opt/ros/jazzy/opt/gz_tools_vendor:/opt/ros/jazzy/opt/gz_ogre_next_vendor:/opt/ros/jazzy/opt/gz_dartsim_vendor:/opt/ros/jazzy/opt/gz_cmake_vendor:/opt/ros/jazzy DEBUGINFOD_URLS=https://debuginfod.ubuntu.com /usr/bin/cmake --build /home/dstreib/ur5e/build/moveit_config -- -j22 -l22
[0.044s] Invoked command in '/home/dstreib/ur5e/build/moveit_config' returned '0': CMAKE_PREFIX_PATH=/home/dstreib/ur5e/install/my_robot_cell_description:/home/dstreib/ur5e/install/ur_description:/home/dstreib/ur5e/install/my_robot_cell_control:/home/dstreib/ur5e/install/moveit_config:/home/dstreib/ros2_bt/install/urdf_tutorial:/home/dstreib/ros2_bt/install/ur_description:/home/dstreib/ros2_bt/install/screwdriver_description:/home/dstreib/ur_tutorials/install/ur:/home/dstreib/ur_tutorials/install/ur_calibration:/home/dstreib/ur_tutorials/install/ur_robot_driver:/home/dstreib/ur_tutorials/install/ur_moveit_config:/home/dstreib/ur_tutorials/install/ur_controllers:/home/dstreib/ur_tutorials/install/ur_dashboard_msgs:/home/dstreib/ur_tutorials/install/my_robot_ur5e_moveit:/home/dstreib/ur_tutorials/install/ur_description:/home/dstreib/ur_tutorials/install/my_robot_cell_moveit_config:/home/dstreib/ur_tutorials/install/my_robot_cell_control:/home/dstreib/ur_tutorials/install/my_robot_cell_description:/opt/ros/jazzy/opt/gz_sim_vendor:/opt/ros/jazzy/opt/gz_sensors_vendor:/opt/ros/jazzy/opt/gz_physics_vendor:/opt/ros/jazzy/opt/sdformat_vendor:/opt/ros/jazzy/opt/gz_gui_vendor:/opt/ros/jazzy/opt/gz_transport_vendor:/opt/ros/jazzy/opt/gz_rendering_vendor:/opt/ros/jazzy/opt/gz_plugin_vendor:/opt/ros/jazzy/opt/gz_fuel_tools_vendor:/opt/ros/jazzy/opt/gz_msgs_vendor:/opt/ros/jazzy/opt/gz_common_vendor:/opt/ros/jazzy/opt/gz_math_vendor:/opt/ros/jazzy/opt/gz_utils_vendor:/opt/ros/jazzy/opt/gz_tools_vendor:/opt/ros/jazzy/opt/gz_ogre_next_vendor:/opt/ros/jazzy/opt/gz_dartsim_vendor:/opt/ros/jazzy/opt/gz_cmake_vendor:/opt/ros/jazzy DEBUGINFOD_URLS=https://debuginfod.ubuntu.com /usr/bin/cmake --build /home/dstreib/ur5e/build/moveit_config -- -j22 -l22
[0.045s] Invoking command in '/home/dstreib/ur5e/build/moveit_config': CMAKE_PREFIX_PATH=/home/dstreib/ur5e/install/my_robot_cell_description:/home/dstreib/ur5e/install/ur_description:/home/dstreib/ur5e/install/my_robot_cell_control:/home/dstreib/ur5e/install/moveit_config:/home/dstreib/ros2_bt/install/urdf_tutorial:/home/dstreib/ros2_bt/install/ur_description:/home/dstreib/ros2_bt/install/screwdriver_description:/home/dstreib/ur_tutorials/install/ur:/home/dstreib/ur_tutorials/install/ur_calibration:/home/dstreib/ur_tutorials/install/ur_robot_driver:/home/dstreib/ur_tutorials/install/ur_moveit_config:/home/dstreib/ur_tutorials/install/ur_controllers:/home/dstreib/ur_tutorials/install/ur_dashboard_msgs:/home/dstreib/ur_tutorials/install/my_robot_ur5e_moveit:/home/dstreib/ur_tutorials/install/ur_description:/home/dstreib/ur_tutorials/install/my_robot_cell_moveit_config:/home/dstreib/ur_tutorials/install/my_robot_cell_control:/home/dstreib/ur_tutorials/install/my_robot_cell_description:/opt/ros/jazzy/opt/gz_sim_vendor:/opt/ros/jazzy/opt/gz_sensors_vendor:/opt/ros/jazzy/opt/gz_physics_vendor:/opt/ros/jazzy/opt/sdformat_vendor:/opt/ros/jazzy/opt/gz_gui_vendor:/opt/ros/jazzy/opt/gz_transport_vendor:/opt/ros/jazzy/opt/gz_rendering_vendor:/opt/ros/jazzy/opt/gz_plugin_vendor:/opt/ros/jazzy/opt/gz_fuel_tools_vendor:/opt/ros/jazzy/opt/gz_msgs_vendor:/opt/ros/jazzy/opt/gz_common_vendor:/opt/ros/jazzy/opt/gz_math_vendor:/opt/ros/jazzy/opt/gz_utils_vendor:/opt/ros/jazzy/opt/gz_tools_vendor:/opt/ros/jazzy/opt/gz_ogre_next_vendor:/opt/ros/jazzy/opt/gz_dartsim_vendor:/opt/ros/jazzy/opt/gz_cmake_vendor:/opt/ros/jazzy DEBUGINFOD_URLS=https://debuginfod.ubuntu.com /usr/bin/cmake --install /home/dstreib/ur5e/build/moveit_config
[0.057s] -- Install configuration: ""
[0.057s] -- Up-to-date: /home/dstreib/ur5e/install/moveit_config/share/ament_index/resource_index/package_run_dependencies/moveit_config
[0.057s] -- Up-to-date: /home/dstreib/ur5e/install/moveit_config/share/ament_index/resource_index/parent_prefix_path/moveit_config
[0.057s] -- Up-to-date: /home/dstreib/ur5e/install/moveit_config/share/moveit_config/environment/ament_prefix_path.sh
[0.057s] -- Up-to-date: /home/dstreib/ur5e/install/moveit_config/share/moveit_config/environment/ament_prefix_path.dsv
[0.057s] -- Up-to-date: /home/dstreib/ur5e/install/moveit_config/share/moveit_config/environment/path.sh
[0.057s] -- Up-to-date: /home/dstreib/ur5e/install/moveit_config/share/moveit_config/environment/path.dsv
[0.057s] -- Up-to-date: /home/dstreib/ur5e/install/moveit_config/share/moveit_config/local_setup.bash
[0.057s] -- Up-to-date: /home/dstreib/ur5e/install/moveit_config/share/moveit_config/local_setup.sh
[0.057s] -- Up-to-date: /home/dstreib/ur5e/install/moveit_config/share/moveit_config/local_setup.zsh
[0.057s] -- Up-to-date: /home/dstreib/ur5e/install/moveit_config/share/moveit_config/local_setup.dsv
[0.057s] -- Installing: /home/dstreib/ur5e/install/moveit_config/share/moveit_config/package.dsv
[0.058s] -- Up-to-date: /home/dstreib/ur5e/install/moveit_config/share/ament_index/resource_index/packages/moveit_config
[0.058s] -- Up-to-date: /home/dstreib/ur5e/install/moveit_config/share/moveit_config/cmake/moveit_configConfig.cmake
[0.058s] -- Up-to-date: /home/dstreib/ur5e/install/moveit_config/share/moveit_config/cmake/moveit_configConfig-version.cmake
[0.058s] -- Up-to-date: /home/dstreib/ur5e/install/moveit_config/share/moveit_config/package.xml
[0.058s] -- Up-to-date: /home/dstreib/ur5e/install/moveit_config/share/moveit_config/launch
[0.058s] -- Up-to-date: /home/dstreib/ur5e/install/moveit_config/share/moveit_config/launch/static_virtual_joint_tfs.launch.py
[0.058s] -- Up-to-date: /home/dstreib/ur5e/install/moveit_config/share/moveit_config/launch/demo.launch.py
[0.058s] -- Up-to-date: /home/dstreib/ur5e/install/moveit_config/share/moveit_config/launch/move_group.launch.py
[0.058s] -- Up-to-date: /home/dstreib/ur5e/install/moveit_config/share/moveit_config/launch/warehouse_db.launch.py
[0.058s] -- Up-to-date: /home/dstreib/ur5e/install/moveit_config/share/moveit_config/launch/setup_assistant.launch.py
[0.058s] -- Up-to-date: /home/dstreib/ur5e/install/moveit_config/share/moveit_config/launch/moveit_rviz.launch.py
[0.058s] -- Up-to-date: /home/dstreib/ur5e/install/moveit_config/share/moveit_config/launch/spawn_controllers.launch.py
[0.058s] -- Up-to-date: /home/dstreib/ur5e/install/moveit_config/share/moveit_config/launch/rsp.launch.py
[0.058s] -- Up-to-date: /home/dstreib/ur5e/install/moveit_config/share/moveit_config/config
[0.058s] -- Up-to-date: /home/dstreib/ur5e/install/moveit_config/share/moveit_config/config/pilz_cartesian_limits.yaml
[0.058s] -- Up-to-date: /home/dstreib/ur5e/install/moveit_config/share/moveit_config/config/ros2_controllers.yaml
[0.058s] -- Up-to-date: /home/dstreib/ur5e/install/moveit_config/share/moveit_config/config/joint_limits.yaml
[0.058s] -- Up-to-date: /home/dstreib/ur5e/install/moveit_config/share/moveit_config/config/my_robot_cell.srdf
[0.058s] -- Up-to-date: /home/dstreib/ur5e/install/moveit_config/share/moveit_config/config/my_robot_cell.ros2_control.xacro
[0.058s] -- Up-to-date: /home/dstreib/ur5e/install/moveit_config/share/moveit_config/config/moveit_controllers.yaml
[0.058s] -- Installing: /home/dstreib/ur5e/install/moveit_config/share/moveit_config/config/initial_positions.yaml
[0.058s] -- Up-to-date: /home/dstreib/ur5e/install/moveit_config/share/moveit_config/config/my_robot_cell.urdf.xacro
[0.058s] -- Up-to-date: /home/dstreib/ur5e/install/moveit_config/share/moveit_config/config/kinematics.yaml
[0.058s] -- Up-to-date: /home/dstreib/ur5e/install/moveit_config/share/moveit_config/config/moveit.rviz
[0.059s] -- Up-to-date: /home/dstreib/ur5e/install/moveit_config/share/moveit_config/.setup_assistant
[0.063s] Invoked command in '/home/dstreib/ur5e/build/moveit_config' returned '0': CMAKE_PREFIX_PATH=/home/dstreib/ur5e/install/my_robot_cell_description:/home/dstreib/ur5e/install/ur_description:/home/dstreib/ur5e/install/my_robot_cell_control:/home/dstreib/ur5e/install/moveit_config:/home/dstreib/ros2_bt/install/urdf_tutorial:/home/dstreib/ros2_bt/install/ur_description:/home/dstreib/ros2_bt/install/screwdriver_description:/home/dstreib/ur_tutorials/install/ur:/home/dstreib/ur_tutorials/install/ur_calibration:/home/dstreib/ur_tutorials/install/ur_robot_driver:/home/dstreib/ur_tutorials/install/ur_moveit_config:/home/dstreib/ur_tutorials/install/ur_controllers:/home/dstreib/ur_tutorials/install/ur_dashboard_msgs:/home/dstreib/ur_tutorials/install/my_robot_ur5e_moveit:/home/dstreib/ur_tutorials/install/ur_description:/home/dstreib/ur_tutorials/install/my_robot_cell_moveit_config:/home/dstreib/ur_tutorials/install/my_robot_cell_control:/home/dstreib/ur_tutorials/install/my_robot_cell_description:/opt/ros/jazzy/opt/gz_sim_vendor:/opt/ros/jazzy/opt/gz_sensors_vendor:/opt/ros/jazzy/opt/gz_physics_vendor:/opt/ros/jazzy/opt/sdformat_vendor:/opt/ros/jazzy/opt/gz_gui_vendor:/opt/ros/jazzy/opt/gz_transport_vendor:/opt/ros/jazzy/opt/gz_rendering_vendor:/opt/ros/jazzy/opt/gz_plugin_vendor:/opt/ros/jazzy/opt/gz_fuel_tools_vendor:/opt/ros/jazzy/opt/gz_msgs_vendor:/opt/ros/jazzy/opt/gz_common_vendor:/opt/ros/jazzy/opt/gz_math_vendor:/opt/ros/jazzy/opt/gz_utils_vendor:/opt/ros/jazzy/opt/gz_tools_vendor:/opt/ros/jazzy/opt/gz_ogre_next_vendor:/opt/ros/jazzy/opt/gz_dartsim_vendor:/opt/ros/jazzy/opt/gz_cmake_vendor:/opt/ros/jazzy DEBUGINFOD_URLS=https://debuginfod.ubuntu.com /usr/bin/cmake --install /home/dstreib/ur5e/build/moveit_config
