[0.010s] Invoking command in '/home/dstreib/UR5e_Assembly_of_Wooden_Pieces/build/urdf_tutorial': CMAKE_PREFIX_PATH=${CMAKE_PREFIX_PATH}:/opt/ros/jazzy DEBUGINFOD_URLS=https://debuginfod.ubuntu.com /usr/bin/cmake /home/dstreib/UR5e_Assembly_of_Wooden_Pieces/src/attachments/tutorial_shapes/urdf_tutorial -DCMAKE_INSTALL_PREFIX=/home/dstreib/UR5e_Assembly_of_Wooden_Pieces/install/urdf_tutorial
[0.054s] -- The C compiler identification is GNU 13.3.0
[0.099s] -- The CXX compiler identification is GNU 13.3.0
[0.112s] -- Detecting C compiler ABI info
[0.181s] -- Detecting C compiler ABI info - done
[0.189s] -- Check for working C compiler: /usr/bin/cc - skipped
[0.189s] -- Detecting C compile features
[0.189s] -- Detecting C compile features - done
[0.197s] -- Detecting CXX compiler ABI info
[0.273s] -- Detecting CXX compiler ABI info - done
[0.278s] -- Check for working CXX compiler: /usr/bin/c++ - skipped
[0.278s] -- Detecting CXX compile features
[0.279s] -- Detecting CXX compile features - done
[0.281s] -- Found ament_cmake: 2.5.3 (/opt/ros/jazzy/share/ament_cmake/cmake)
[0.393s] -- Found Python3: /usr/bin/python3 (found version "3.12.3") found components: Interpreter 
[0.471s] -- Found ament_lint_auto: 0.17.1 (/opt/ros/jazzy/share/ament_lint_auto/cmake)
[0.529s] -- Configuring done (0.5s)
[0.531s] -- Generating done (0.0s)
[0.531s] -- Build files have been written to: /home/dstreib/UR5e_Assembly_of_Wooden_Pieces/build/urdf_tutorial
[0.536s] Invoked command in '/home/dstreib/UR5e_Assembly_of_Wooden_Pieces/build/urdf_tutorial' returned '0': CMAKE_PREFIX_PATH=${CMAKE_PREFIX_PATH}:/opt/ros/jazzy DEBUGINFOD_URLS=https://debuginfod.ubuntu.com /usr/bin/cmake /home/dstreib/UR5e_Assembly_of_Wooden_Pieces/src/attachments/tutorial_shapes/urdf_tutorial -DCMAKE_INSTALL_PREFIX=/home/dstreib/UR5e_Assembly_of_Wooden_Pieces/install/urdf_tutorial
[0.536s] Invoking command in '/home/dstreib/UR5e_Assembly_of_Wooden_Pieces/build/urdf_tutorial': CMAKE_PREFIX_PATH=${CMAKE_PREFIX_PATH}:/opt/ros/jazzy DEBUGINFOD_URLS=https://debuginfod.ubuntu.com /usr/bin/cmake --build /home/dstreib/UR5e_Assembly_of_Wooden_Pieces/build/urdf_tutorial -- -j22 -l22
[0.563s] Invoked command in '/home/dstreib/UR5e_Assembly_of_Wooden_Pieces/build/urdf_tutorial' returned '0': CMAKE_PREFIX_PATH=${CMAKE_PREFIX_PATH}:/opt/ros/jazzy DEBUGINFOD_URLS=https://debuginfod.ubuntu.com /usr/bin/cmake --build /home/dstreib/UR5e_Assembly_of_Wooden_Pieces/build/urdf_tutorial -- -j22 -l22
[0.565s] Invoking command in '/home/dstreib/UR5e_Assembly_of_Wooden_Pieces/build/urdf_tutorial': CMAKE_PREFIX_PATH=${CMAKE_PREFIX_PATH}:/opt/ros/jazzy DEBUGINFOD_URLS=https://debuginfod.ubuntu.com /usr/bin/cmake --install /home/dstreib/UR5e_Assembly_of_Wooden_Pieces/build/urdf_tutorial
[0.569s] -- Install configuration: ""
[0.570s] -- Installing: /home/dstreib/UR5e_Assembly_of_Wooden_Pieces/install/urdf_tutorial/share/urdf_tutorial/images
[0.570s] -- Installing: /home/dstreib/UR5e_Assembly_of_Wooden_Pieces/install/urdf_tutorial/share/urdf_tutorial/images/materials.png
[0.570s] -- Installing: /home/dstreib/UR5e_Assembly_of_Wooden_Pieces/install/urdf_tutorial/share/urdf_tutorial/images/flexible.png
[0.570s] -- Installing: /home/dstreib/UR5e_Assembly_of_Wooden_Pieces/install/urdf_tutorial/share/urdf_tutorial/images/visual.png
[0.570s] -- Installing: /home/dstreib/UR5e_Assembly_of_Wooden_Pieces/install/urdf_tutorial/share/urdf_tutorial/images/origins.png
[0.570s] -- Installing: /home/dstreib/UR5e_Assembly_of_Wooden_Pieces/install/urdf_tutorial/share/urdf_tutorial/images/multipleshapes.png
[0.570s] -- Installing: /home/dstreib/UR5e_Assembly_of_Wooden_Pieces/install/urdf_tutorial/share/urdf_tutorial/images/myfirst.png
[0.570s] -- Installing: /home/dstreib/UR5e_Assembly_of_Wooden_Pieces/install/urdf_tutorial/share/urdf_tutorial/launch
[0.570s] -- Installing: /home/dstreib/UR5e_Assembly_of_Wooden_Pieces/install/urdf_tutorial/share/urdf_tutorial/launch/display.launch.py
[0.571s] -- Installing: /home/dstreib/UR5e_Assembly_of_Wooden_Pieces/install/urdf_tutorial/share/urdf_tutorial/meshes
[0.571s] -- Installing: /home/dstreib/UR5e_Assembly_of_Wooden_Pieces/install/urdf_tutorial/share/urdf_tutorial/meshes/l_finger_tip_color.png
[0.571s] -- Installing: /home/dstreib/UR5e_Assembly_of_Wooden_Pieces/install/urdf_tutorial/share/urdf_tutorial/meshes/l_finger_color.png
[0.571s] -- Installing: /home/dstreib/UR5e_Assembly_of_Wooden_Pieces/install/urdf_tutorial/share/urdf_tutorial/meshes/l_finger_tip.dae
[0.571s] -- Installing: /home/dstreib/UR5e_Assembly_of_Wooden_Pieces/install/urdf_tutorial/share/urdf_tutorial/meshes/l_finger.dae
[0.571s] -- Installing: /home/dstreib/UR5e_Assembly_of_Wooden_Pieces/install/urdf_tutorial/share/urdf_tutorial/rviz
[0.571s] -- Installing: /home/dstreib/UR5e_Assembly_of_Wooden_Pieces/install/urdf_tutorial/share/urdf_tutorial/rviz/urdf.rviz
[0.571s] -- Installing: /home/dstreib/UR5e_Assembly_of_Wooden_Pieces/install/urdf_tutorial/share/urdf_tutorial/urdf
[0.571s] -- Installing: /home/dstreib/UR5e_Assembly_of_Wooden_Pieces/install/urdf_tutorial/share/urdf_tutorial/urdf/08-macroed.urdf.xacro
[0.571s] -- Installing: /home/dstreib/UR5e_Assembly_of_Wooden_Pieces/install/urdf_tutorial/share/urdf_tutorial/urdf/05-visual.urdf
[0.571s] -- Installing: /home/dstreib/UR5e_Assembly_of_Wooden_Pieces/install/urdf_tutorial/share/urdf_tutorial/urdf/04-materials.urdf
[0.571s] -- Installing: /home/dstreib/UR5e_Assembly_of_Wooden_Pieces/install/urdf_tutorial/share/urdf_tutorial/urdf/01-myfirst.urdf
[0.571s] -- Installing: /home/dstreib/UR5e_Assembly_of_Wooden_Pieces/install/urdf_tutorial/share/urdf_tutorial/urdf/03-origins.urdf
[0.572s] -- Installing: /home/dstreib/UR5e_Assembly_of_Wooden_Pieces/install/urdf_tutorial/share/urdf_tutorial/urdf/02-multipleshapes.urdf
[0.572s] -- Installing: /home/dstreib/UR5e_Assembly_of_Wooden_Pieces/install/urdf_tutorial/share/urdf_tutorial/urdf/07-physics.urdf
[0.572s] -- Installing: /home/dstreib/UR5e_Assembly_of_Wooden_Pieces/install/urdf_tutorial/share/urdf_tutorial/urdf/06-flexible.urdf
[0.572s] -- Installing: /home/dstreib/UR5e_Assembly_of_Wooden_Pieces/install/urdf_tutorial/share/ament_index/resource_index/package_run_dependencies/urdf_tutorial
[0.572s] -- Installing: /home/dstreib/UR5e_Assembly_of_Wooden_Pieces/install/urdf_tutorial/share/ament_index/resource_index/parent_prefix_path/urdf_tutorial
[0.572s] -- Installing: /home/dstreib/UR5e_Assembly_of_Wooden_Pieces/install/urdf_tutorial/share/urdf_tutorial/environment/ament_prefix_path.sh
[0.572s] -- Installing: /home/dstreib/UR5e_Assembly_of_Wooden_Pieces/install/urdf_tutorial/share/urdf_tutorial/environment/ament_prefix_path.dsv
[0.572s] -- Installing: /home/dstreib/UR5e_Assembly_of_Wooden_Pieces/install/urdf_tutorial/share/urdf_tutorial/environment/path.sh
[0.572s] -- Installing: /home/dstreib/UR5e_Assembly_of_Wooden_Pieces/install/urdf_tutorial/share/urdf_tutorial/environment/path.dsv
[0.572s] -- Installing: /home/dstreib/UR5e_Assembly_of_Wooden_Pieces/install/urdf_tutorial/share/urdf_tutorial/local_setup.bash
[0.572s] -- Installing: /home/dstreib/UR5e_Assembly_of_Wooden_Pieces/install/urdf_tutorial/share/urdf_tutorial/local_setup.sh
[0.572s] -- Installing: /home/dstreib/UR5e_Assembly_of_Wooden_Pieces/install/urdf_tutorial/share/urdf_tutorial/local_setup.zsh
[0.572s] -- Installing: /home/dstreib/UR5e_Assembly_of_Wooden_Pieces/install/urdf_tutorial/share/urdf_tutorial/local_setup.dsv
[0.572s] -- Installing: /home/dstreib/UR5e_Assembly_of_Wooden_Pieces/install/urdf_tutorial/share/urdf_tutorial/package.dsv
[0.572s] -- Installing: /home/dstreib/UR5e_Assembly_of_Wooden_Pieces/install/urdf_tutorial/share/ament_index/resource_index/packages/urdf_tutorial
[0.572s] -- Installing: /home/dstreib/UR5e_Assembly_of_Wooden_Pieces/install/urdf_tutorial/share/urdf_tutorial/cmake/urdf_tutorialConfig.cmake
[0.572s] -- Installing: /home/dstreib/UR5e_Assembly_of_Wooden_Pieces/install/urdf_tutorial/share/urdf_tutorial/cmake/urdf_tutorialConfig-version.cmake
[0.572s] -- Installing: /home/dstreib/UR5e_Assembly_of_Wooden_Pieces/install/urdf_tutorial/share/urdf_tutorial/package.xml
[0.573s] Invoked command in '/home/dstreib/UR5e_Assembly_of_Wooden_Pieces/build/urdf_tutorial' returned '0': CMAKE_PREFIX_PATH=${CMAKE_PREFIX_PATH}:/opt/ros/jazzy DEBUGINFOD_URLS=https://debuginfod.ubuntu.com /usr/bin/cmake --install /home/dstreib/UR5e_Assembly_of_Wooden_Pieces/build/urdf_tutorial
