[0.105s] DEBUG:colcon:Command line arguments: ['/usr/bin/colcon', 'build']
[0.105s] DEBUG:colcon:Parsed command line arguments: Namespace(log_base=None, log_level=None, verb_name='build', build_base='build', install_base='install', merge_install=False, symlink_install=False, test_result_base=None, continue_on_error=False, executor='parallel', parallel_workers=22, event_handlers=None, ignore_user_meta=False, metas=['./colcon.meta'], base_paths=['.'], packages_ignore=None, packages_ignore_regex=None, paths=None, packages_up_to=None, packages_up_to_regex=None, packages_above=None, packages_above_and_dependencies=None, packages_above_depth=None, packages_select_by_dep=None, packages_skip_by_dep=None, packages_skip_up_to=None, packages_select_build_failed=False, packages_skip_build_finished=False, packages_select_test_failures=False, packages_skip_test_passed=False, packages_select=None, packages_skip=None, packages_select_regex=None, packages_skip_regex=None, packages_start=None, packages_end=None, allow_overriding=[], cmake_args=None, cmake_target=None, cmake_target_skip_unavailable=False, cmake_clean_cache=False, cmake_clean_first=False, cmake_force_configure=False, ament_cmake_args=None, catkin_cmake_args=None, catkin_skip_building_tests=False, mixin_files=None, mixin=None, verb_parser=<colcon_mixin.mixin.mixin_argument.MixinArgumentDecorator object at 0x7e906a0bee10>, verb_extension=<colcon_core.verb.build.BuildVerb object at 0x7e906a0beae0>, main=<bound method BuildVerb.main of <colcon_core.verb.build.BuildVerb object at 0x7e906a0beae0>>, mixin_verb=('build',))
[0.138s] Level 1:colcon.colcon_core.package_discovery:discover_packages(colcon_meta) check parameters
[0.138s] Level 1:colcon.colcon_core.package_discovery:discover_packages(recursive) check parameters
[0.138s] Level 1:colcon.colcon_core.package_discovery:discover_packages(ignore) check parameters
[0.138s] Level 1:colcon.colcon_core.package_discovery:discover_packages(path) check parameters
[0.138s] Level 1:colcon.colcon_core.package_discovery:discover_packages(colcon_meta) discover
[0.138s] Level 1:colcon.colcon_core.package_discovery:discover_packages(recursive) discover
[0.138s] INFO:colcon.colcon_core.package_discovery:Crawling recursively for packages in '/home/dstreib/ur5e'
[0.138s] Level 1:colcon.colcon_core.package_identification:_identify(.) by extensions ['ignore', 'ignore_ament_install']
[0.138s] Level 1:colcon.colcon_core.package_identification:_identify(.) by extension 'ignore'
[0.138s] Level 1:colcon.colcon_core.package_identification:_identify(.) by extension 'ignore_ament_install'
[0.138s] Level 1:colcon.colcon_core.package_identification:_identify(.) by extensions ['colcon_pkg']
[0.138s] Level 1:colcon.colcon_core.package_identification:_identify(.) by extension 'colcon_pkg'
[0.138s] Level 1:colcon.colcon_core.package_identification:_identify(.) by extensions ['colcon_meta']
[0.138s] Level 1:colcon.colcon_core.package_identification:_identify(.) by extension 'colcon_meta'
[0.138s] Level 1:colcon.colcon_core.package_identification:_identify(.) by extensions ['ros']
[0.138s] Level 1:colcon.colcon_core.package_identification:_identify(.) by extension 'ros'
[0.155s] Level 1:colcon.colcon_core.package_identification:_identify(.) by extensions ['cmake', 'python']
[0.155s] Level 1:colcon.colcon_core.package_identification:_identify(.) by extension 'cmake'
[0.155s] Level 1:colcon.colcon_core.package_identification:_identify(.) by extension 'python'
[0.155s] Level 1:colcon.colcon_core.package_identification:_identify(.) by extensions ['python_setup_py']
[0.155s] Level 1:colcon.colcon_core.package_identification:_identify(.) by extension 'python_setup_py'
[0.155s] Level 1:colcon.colcon_core.package_identification:_identify(build) by extensions ['ignore', 'ignore_ament_install']
[0.155s] Level 1:colcon.colcon_core.package_identification:_identify(build) by extension 'ignore'
[0.155s] Level 1:colcon.colcon_core.package_identification:_identify(build) ignored
[0.155s] Level 1:colcon.colcon_core.package_identification:_identify(install) by extensions ['ignore', 'ignore_ament_install']
[0.155s] Level 1:colcon.colcon_core.package_identification:_identify(install) by extension 'ignore'
[0.155s] Level 1:colcon.colcon_core.package_identification:_identify(install) ignored
[0.155s] Level 1:colcon.colcon_core.package_identification:_identify(log) by extensions ['ignore', 'ignore_ament_install']
[0.155s] Level 1:colcon.colcon_core.package_identification:_identify(log) by extension 'ignore'
[0.156s] Level 1:colcon.colcon_core.package_identification:_identify(log) ignored
[0.156s] Level 1:colcon.colcon_core.package_identification:_identify(src) by extensions ['ignore', 'ignore_ament_install']
[0.156s] Level 1:colcon.colcon_core.package_identification:_identify(src) by extension 'ignore'
[0.156s] Level 1:colcon.colcon_core.package_identification:_identify(src) by extension 'ignore_ament_install'
[0.156s] Level 1:colcon.colcon_core.package_identification:_identify(src) by extensions ['colcon_pkg']
[0.156s] Level 1:colcon.colcon_core.package_identification:_identify(src) by extension 'colcon_pkg'
[0.156s] Level 1:colcon.colcon_core.package_identification:_identify(src) by extensions ['colcon_meta']
[0.156s] Level 1:colcon.colcon_core.package_identification:_identify(src) by extension 'colcon_meta'
[0.156s] Level 1:colcon.colcon_core.package_identification:_identify(src) by extensions ['ros']
[0.156s] Level 1:colcon.colcon_core.package_identification:_identify(src) by extension 'ros'
[0.156s] Level 1:colcon.colcon_core.package_identification:_identify(src) by extensions ['cmake', 'python']
[0.156s] Level 1:colcon.colcon_core.package_identification:_identify(src) by extension 'cmake'
[0.156s] Level 1:colcon.colcon_core.package_identification:_identify(src) by extension 'python'
[0.156s] Level 1:colcon.colcon_core.package_identification:_identify(src) by extensions ['python_setup_py']
[0.156s] Level 1:colcon.colcon_core.package_identification:_identify(src) by extension 'python_setup_py'
[0.156s] Level 1:colcon.colcon_core.package_identification:_identify(src/Universal_Robots_ROS2_Description) by extensions ['ignore', 'ignore_ament_install']
[0.156s] Level 1:colcon.colcon_core.package_identification:_identify(src/Universal_Robots_ROS2_Description) by extension 'ignore'
[0.156s] Level 1:colcon.colcon_core.package_identification:_identify(src/Universal_Robots_ROS2_Description) by extension 'ignore_ament_install'
[0.156s] Level 1:colcon.colcon_core.package_identification:_identify(src/Universal_Robots_ROS2_Description) by extensions ['colcon_pkg']
[0.156s] Level 1:colcon.colcon_core.package_identification:_identify(src/Universal_Robots_ROS2_Description) by extension 'colcon_pkg'
[0.156s] Level 1:colcon.colcon_core.package_identification:_identify(src/Universal_Robots_ROS2_Description) by extensions ['colcon_meta']
[0.156s] Level 1:colcon.colcon_core.package_identification:_identify(src/Universal_Robots_ROS2_Description) by extension 'colcon_meta'
[0.156s] Level 1:colcon.colcon_core.package_identification:_identify(src/Universal_Robots_ROS2_Description) by extensions ['ros']
[0.156s] Level 1:colcon.colcon_core.package_identification:_identify(src/Universal_Robots_ROS2_Description) by extension 'ros'
[0.158s] DEBUG:colcon.colcon_core.package_identification:Package 'src/Universal_Robots_ROS2_Description' with type 'ros.ament_cmake' and name 'ur_description'
[0.158s] Level 1:colcon.colcon_core.package_identification:_identify(src/ur5e_specific) by extensions ['ignore', 'ignore_ament_install']
[0.158s] Level 1:colcon.colcon_core.package_identification:_identify(src/ur5e_specific) by extension 'ignore'
[0.158s] Level 1:colcon.colcon_core.package_identification:_identify(src/ur5e_specific) by extension 'ignore_ament_install'
[0.158s] Level 1:colcon.colcon_core.package_identification:_identify(src/ur5e_specific) by extensions ['colcon_pkg']
[0.158s] Level 1:colcon.colcon_core.package_identification:_identify(src/ur5e_specific) by extension 'colcon_pkg'
[0.158s] Level 1:colcon.colcon_core.package_identification:_identify(src/ur5e_specific) by extensions ['colcon_meta']
[0.158s] Level 1:colcon.colcon_core.package_identification:_identify(src/ur5e_specific) by extension 'colcon_meta'
[0.158s] Level 1:colcon.colcon_core.package_identification:_identify(src/ur5e_specific) by extensions ['ros']
[0.158s] Level 1:colcon.colcon_core.package_identification:_identify(src/ur5e_specific) by extension 'ros'
[0.158s] Level 1:colcon.colcon_core.package_identification:_identify(src/ur5e_specific) by extensions ['cmake', 'python']
[0.158s] Level 1:colcon.colcon_core.package_identification:_identify(src/ur5e_specific) by extension 'cmake'
[0.158s] Level 1:colcon.colcon_core.package_identification:_identify(src/ur5e_specific) by extension 'python'
[0.158s] Level 1:colcon.colcon_core.package_identification:_identify(src/ur5e_specific) by extensions ['python_setup_py']
[0.158s] Level 1:colcon.colcon_core.package_identification:_identify(src/ur5e_specific) by extension 'python_setup_py'
[0.158s] Level 1:colcon.colcon_core.package_identification:_identify(src/ur5e_specific/my_robot_cell) by extensions ['ignore', 'ignore_ament_install']
[0.158s] Level 1:colcon.colcon_core.package_identification:_identify(src/ur5e_specific/my_robot_cell) by extension 'ignore'
[0.158s] Level 1:colcon.colcon_core.package_identification:_identify(src/ur5e_specific/my_robot_cell) by extension 'ignore_ament_install'
[0.158s] Level 1:colcon.colcon_core.package_identification:_identify(src/ur5e_specific/my_robot_cell) by extensions ['colcon_pkg']
[0.158s] Level 1:colcon.colcon_core.package_identification:_identify(src/ur5e_specific/my_robot_cell) by extension 'colcon_pkg'
[0.158s] Level 1:colcon.colcon_core.package_identification:_identify(src/ur5e_specific/my_robot_cell) by extensions ['colcon_meta']
[0.158s] Level 1:colcon.colcon_core.package_identification:_identify(src/ur5e_specific/my_robot_cell) by extension 'colcon_meta'
[0.158s] Level 1:colcon.colcon_core.package_identification:_identify(src/ur5e_specific/my_robot_cell) by extensions ['ros']
[0.158s] Level 1:colcon.colcon_core.package_identification:_identify(src/ur5e_specific/my_robot_cell) by extension 'ros'
[0.158s] Level 1:colcon.colcon_core.package_identification:_identify(src/ur5e_specific/my_robot_cell) by extensions ['cmake', 'python']
[0.158s] Level 1:colcon.colcon_core.package_identification:_identify(src/ur5e_specific/my_robot_cell) by extension 'cmake'
[0.158s] Level 1:colcon.colcon_core.package_identification:_identify(src/ur5e_specific/my_robot_cell) by extension 'python'
[0.158s] Level 1:colcon.colcon_core.package_identification:_identify(src/ur5e_specific/my_robot_cell) by extensions ['python_setup_py']
[0.158s] Level 1:colcon.colcon_core.package_identification:_identify(src/ur5e_specific/my_robot_cell) by extension 'python_setup_py'
[0.159s] Level 1:colcon.colcon_core.package_identification:_identify(src/ur5e_specific/my_robot_cell/doc) by extensions ['ignore', 'ignore_ament_install']
[0.159s] Level 1:colcon.colcon_core.package_identification:_identify(src/ur5e_specific/my_robot_cell/doc) by extension 'ignore'
[0.159s] Level 1:colcon.colcon_core.package_identification:_identify(src/ur5e_specific/my_robot_cell/doc) by extension 'ignore_ament_install'
[0.159s] Level 1:colcon.colcon_core.package_identification:_identify(src/ur5e_specific/my_robot_cell/doc) by extensions ['colcon_pkg']
[0.159s] Level 1:colcon.colcon_core.package_identification:_identify(src/ur5e_specific/my_robot_cell/doc) by extension 'colcon_pkg'
[0.159s] Level 1:colcon.colcon_core.package_identification:_identify(src/ur5e_specific/my_robot_cell/doc) by extensions ['colcon_meta']
[0.159s] Level 1:colcon.colcon_core.package_identification:_identify(src/ur5e_specific/my_robot_cell/doc) by extension 'colcon_meta'
[0.159s] Level 1:colcon.colcon_core.package_identification:_identify(src/ur5e_specific/my_robot_cell/doc) by extensions ['ros']
[0.159s] Level 1:colcon.colcon_core.package_identification:_identify(src/ur5e_specific/my_robot_cell/doc) by extension 'ros'
[0.159s] Level 1:colcon.colcon_core.package_identification:_identify(src/ur5e_specific/my_robot_cell/doc) by extensions ['cmake', 'python']
[0.159s] Level 1:colcon.colcon_core.package_identification:_identify(src/ur5e_specific/my_robot_cell/doc) by extension 'cmake'
[0.159s] Level 1:colcon.colcon_core.package_identification:_identify(src/ur5e_specific/my_robot_cell/doc) by extension 'python'
[0.159s] Level 1:colcon.colcon_core.package_identification:_identify(src/ur5e_specific/my_robot_cell/doc) by extensions ['python_setup_py']
[0.159s] Level 1:colcon.colcon_core.package_identification:_identify(src/ur5e_specific/my_robot_cell/doc) by extension 'python_setup_py'
[0.159s] Level 1:colcon.colcon_core.package_identification:_identify(src/ur5e_specific/my_robot_cell/moveit_config) by extensions ['ignore', 'ignore_ament_install']
[0.159s] Level 1:colcon.colcon_core.package_identification:_identify(src/ur5e_specific/my_robot_cell/moveit_config) by extension 'ignore'
[0.159s] Level 1:colcon.colcon_core.package_identification:_identify(src/ur5e_specific/my_robot_cell/moveit_config) by extension 'ignore_ament_install'
[0.159s] Level 1:colcon.colcon_core.package_identification:_identify(src/ur5e_specific/my_robot_cell/moveit_config) by extensions ['colcon_pkg']
[0.159s] Level 1:colcon.colcon_core.package_identification:_identify(src/ur5e_specific/my_robot_cell/moveit_config) by extension 'colcon_pkg'
[0.159s] Level 1:colcon.colcon_core.package_identification:_identify(src/ur5e_specific/my_robot_cell/moveit_config) by extensions ['colcon_meta']
[0.159s] Level 1:colcon.colcon_core.package_identification:_identify(src/ur5e_specific/my_robot_cell/moveit_config) by extension 'colcon_meta'
[0.159s] Level 1:colcon.colcon_core.package_identification:_identify(src/ur5e_specific/my_robot_cell/moveit_config) by extensions ['ros']
[0.159s] Level 1:colcon.colcon_core.package_identification:_identify(src/ur5e_specific/my_robot_cell/moveit_config) by extension 'ros'
[0.160s] DEBUG:colcon.colcon_core.package_identification:Package 'src/ur5e_specific/my_robot_cell/moveit_config' with type 'ros.ament_cmake' and name 'moveit_config'
[0.160s] Level 1:colcon.colcon_core.package_identification:_identify(src/ur5e_specific/my_robot_cell/my_robot_cell_control) by extensions ['ignore', 'ignore_ament_install']
[0.160s] Level 1:colcon.colcon_core.package_identification:_identify(src/ur5e_specific/my_robot_cell/my_robot_cell_control) by extension 'ignore'
[0.160s] Level 1:colcon.colcon_core.package_identification:_identify(src/ur5e_specific/my_robot_cell/my_robot_cell_control) by extension 'ignore_ament_install'
[0.160s] Level 1:colcon.colcon_core.package_identification:_identify(src/ur5e_specific/my_robot_cell/my_robot_cell_control) by extensions ['colcon_pkg']
[0.160s] Level 1:colcon.colcon_core.package_identification:_identify(src/ur5e_specific/my_robot_cell/my_robot_cell_control) by extension 'colcon_pkg'
[0.160s] Level 1:colcon.colcon_core.package_identification:_identify(src/ur5e_specific/my_robot_cell/my_robot_cell_control) by extensions ['colcon_meta']
[0.160s] Level 1:colcon.colcon_core.package_identification:_identify(src/ur5e_specific/my_robot_cell/my_robot_cell_control) by extension 'colcon_meta'
[0.160s] Level 1:colcon.colcon_core.package_identification:_identify(src/ur5e_specific/my_robot_cell/my_robot_cell_control) by extensions ['ros']
[0.160s] Level 1:colcon.colcon_core.package_identification:_identify(src/ur5e_specific/my_robot_cell/my_robot_cell_control) by extension 'ros'
[0.160s] DEBUG:colcon.colcon_core.package_identification:Package 'src/ur5e_specific/my_robot_cell/my_robot_cell_control' with type 'ros.ament_cmake' and name 'my_robot_cell_control'
[0.160s] Level 1:colcon.colcon_core.package_identification:_identify(src/ur5e_specific/my_robot_cell/my_robot_cell_description) by extensions ['ignore', 'ignore_ament_install']
[0.160s] Level 1:colcon.colcon_core.package_identification:_identify(src/ur5e_specific/my_robot_cell/my_robot_cell_description) by extension 'ignore'
[0.160s] Level 1:colcon.colcon_core.package_identification:_identify(src/ur5e_specific/my_robot_cell/my_robot_cell_description) by extension 'ignore_ament_install'
[0.160s] Level 1:colcon.colcon_core.package_identification:_identify(src/ur5e_specific/my_robot_cell/my_robot_cell_description) by extensions ['colcon_pkg']
[0.160s] Level 1:colcon.colcon_core.package_identification:_identify(src/ur5e_specific/my_robot_cell/my_robot_cell_description) by extension 'colcon_pkg'
[0.160s] Level 1:colcon.colcon_core.package_identification:_identify(src/ur5e_specific/my_robot_cell/my_robot_cell_description) by extensions ['colcon_meta']
[0.160s] Level 1:colcon.colcon_core.package_identification:_identify(src/ur5e_specific/my_robot_cell/my_robot_cell_description) by extension 'colcon_meta'
[0.160s] Level 1:colcon.colcon_core.package_identification:_identify(src/ur5e_specific/my_robot_cell/my_robot_cell_description) by extensions ['ros']
[0.160s] Level 1:colcon.colcon_core.package_identification:_identify(src/ur5e_specific/my_robot_cell/my_robot_cell_description) by extension 'ros'
[0.161s] DEBUG:colcon.colcon_core.package_identification:Package 'src/ur5e_specific/my_robot_cell/my_robot_cell_description' with type 'ros.ament_cmake' and name 'my_robot_cell_description'
[0.161s] Level 1:colcon.colcon_core.package_discovery:discover_packages(recursive) using defaults
[0.161s] Level 1:colcon.colcon_core.package_discovery:discover_packages(ignore) discover
[0.161s] Level 1:colcon.colcon_core.package_discovery:discover_packages(ignore) using defaults
[0.161s] Level 1:colcon.colcon_core.package_discovery:discover_packages(path) discover
[0.161s] Level 1:colcon.colcon_core.package_discovery:discover_packages(path) using defaults
[0.175s] Level 1:colcon.colcon_core.package_discovery:discover_packages(prefix_path) check parameters
[0.175s] Level 1:colcon.colcon_core.package_discovery:discover_packages(prefix_path) discover
[0.177s] DEBUG:colcon.colcon_installed_package_information.package_discovery:Found 4 installed packages in /home/dstreib/ur5e/install
[0.178s] DEBUG:colcon.colcon_installed_package_information.package_discovery:Found 11 installed packages in /home/dstreib/ur_tutorials/install
[0.178s] DEBUG:colcon.colcon_installed_package_information.package_discovery:Found 3 installed packages in /home/dstreib/ros2_bt/install
[0.179s] DEBUG:colcon.colcon_installed_package_information.package_discovery:Found 431 installed packages in /opt/ros/jazzy
[0.180s] Level 1:colcon.colcon_core.package_discovery:discover_packages(prefix_path) using defaults
[0.212s] WARNING:colcon.colcon_core.package_selection:Some selected packages are already built in one or more underlay workspaces:
	'ur_description' is in: /home/dstreib/ur_tutorials/install/ur_description, /home/dstreib/ros2_bt/install/ur_description, /home/dstreib/ur5e/install/ur_description, /opt/ros/jazzy
	'my_robot_cell_description' is in: /home/dstreib/ur5e/install/my_robot_cell_description, /home/dstreib/ur_tutorials/install/my_robot_cell_description
If a package in a merged underlay workspace is overridden and it installs headers, then all packages in the overlay must sort their include directories by workspace order. Failure to do so may result in build failures or undefined behavior at run time.
If the overridden package is used by another package in any underlay, then the overriding package in the overlay must be API and ABI compatible or undefined behavior at run time may occur.

If you understand the risks and want to override a package anyways, add the following to the command line:
	--allow-overriding my_robot_cell_description ur_description

This may be promoted to an error in a future release of colcon-override-check.
[0.212s] Level 5:colcon.colcon_core.verb:set package 'ur_description' build argument 'cmake_args' from command line to 'None'
[0.212s] Level 5:colcon.colcon_core.verb:set package 'ur_description' build argument 'cmake_target' from command line to 'None'
[0.212s] Level 5:colcon.colcon_core.verb:set package 'ur_description' build argument 'cmake_target_skip_unavailable' from command line to 'False'
[0.212s] Level 5:colcon.colcon_core.verb:set package 'ur_description' build argument 'cmake_clean_cache' from command line to 'False'
[0.212s] Level 5:colcon.colcon_core.verb:set package 'ur_description' build argument 'cmake_clean_first' from command line to 'False'
[0.212s] Level 5:colcon.colcon_core.verb:set package 'ur_description' build argument 'cmake_force_configure' from command line to 'False'
[0.212s] Level 5:colcon.colcon_core.verb:set package 'ur_description' build argument 'ament_cmake_args' from command line to 'None'
[0.212s] Level 5:colcon.colcon_core.verb:set package 'ur_description' build argument 'catkin_cmake_args' from command line to 'None'
[0.212s] Level 5:colcon.colcon_core.verb:set package 'ur_description' build argument 'catkin_skip_building_tests' from command line to 'False'
[0.212s] DEBUG:colcon.colcon_core.verb:Building package 'ur_description' with the following arguments: {'ament_cmake_args': None, 'build_base': '/home/dstreib/ur5e/build/ur_description', 'catkin_cmake_args': None, 'catkin_skip_building_tests': False, 'cmake_args': None, 'cmake_clean_cache': False, 'cmake_clean_first': False, 'cmake_force_configure': False, 'cmake_target': None, 'cmake_target_skip_unavailable': False, 'install_base': '/home/dstreib/ur5e/install/ur_description', 'merge_install': False, 'path': '/home/dstreib/ur5e/src/Universal_Robots_ROS2_Description', 'symlink_install': False, 'test_result_base': None}
[0.213s] Level 5:colcon.colcon_core.verb:set package 'my_robot_cell_description' build argument 'cmake_args' from command line to 'None'
[0.213s] Level 5:colcon.colcon_core.verb:set package 'my_robot_cell_description' build argument 'cmake_target' from command line to 'None'
[0.213s] Level 5:colcon.colcon_core.verb:set package 'my_robot_cell_description' build argument 'cmake_target_skip_unavailable' from command line to 'False'
[0.213s] Level 5:colcon.colcon_core.verb:set package 'my_robot_cell_description' build argument 'cmake_clean_cache' from command line to 'False'
[0.213s] Level 5:colcon.colcon_core.verb:set package 'my_robot_cell_description' build argument 'cmake_clean_first' from command line to 'False'
[0.213s] Level 5:colcon.colcon_core.verb:set package 'my_robot_cell_description' build argument 'cmake_force_configure' from command line to 'False'
[0.213s] Level 5:colcon.colcon_core.verb:set package 'my_robot_cell_description' build argument 'ament_cmake_args' from command line to 'None'
[0.213s] Level 5:colcon.colcon_core.verb:set package 'my_robot_cell_description' build argument 'catkin_cmake_args' from command line to 'None'
[0.213s] Level 5:colcon.colcon_core.verb:set package 'my_robot_cell_description' build argument 'catkin_skip_building_tests' from command line to 'False'
[0.213s] DEBUG:colcon.colcon_core.verb:Building package 'my_robot_cell_description' with the following arguments: {'ament_cmake_args': None, 'build_base': '/home/dstreib/ur5e/build/my_robot_cell_description', 'catkin_cmake_args': None, 'catkin_skip_building_tests': False, 'cmake_args': None, 'cmake_clean_cache': False, 'cmake_clean_first': False, 'cmake_force_configure': False, 'cmake_target': None, 'cmake_target_skip_unavailable': False, 'install_base': '/home/dstreib/ur5e/install/my_robot_cell_description', 'merge_install': False, 'path': '/home/dstreib/ur5e/src/ur5e_specific/my_robot_cell/my_robot_cell_description', 'symlink_install': False, 'test_result_base': None}
[0.213s] Level 5:colcon.colcon_core.verb:set package 'moveit_config' build argument 'cmake_args' from command line to 'None'
[0.213s] Level 5:colcon.colcon_core.verb:set package 'moveit_config' build argument 'cmake_target' from command line to 'None'
[0.213s] Level 5:colcon.colcon_core.verb:set package 'moveit_config' build argument 'cmake_target_skip_unavailable' from command line to 'False'
[0.213s] Level 5:colcon.colcon_core.verb:set package 'moveit_config' build argument 'cmake_clean_cache' from command line to 'False'
[0.213s] Level 5:colcon.colcon_core.verb:set package 'moveit_config' build argument 'cmake_clean_first' from command line to 'False'
[0.213s] Level 5:colcon.colcon_core.verb:set package 'moveit_config' build argument 'cmake_force_configure' from command line to 'False'
[0.213s] Level 5:colcon.colcon_core.verb:set package 'moveit_config' build argument 'ament_cmake_args' from command line to 'None'
[0.213s] Level 5:colcon.colcon_core.verb:set package 'moveit_config' build argument 'catkin_cmake_args' from command line to 'None'
[0.213s] Level 5:colcon.colcon_core.verb:set package 'moveit_config' build argument 'catkin_skip_building_tests' from command line to 'False'
[0.213s] DEBUG:colcon.colcon_core.verb:Building package 'moveit_config' with the following arguments: {'ament_cmake_args': None, 'build_base': '/home/dstreib/ur5e/build/moveit_config', 'catkin_cmake_args': None, 'catkin_skip_building_tests': False, 'cmake_args': None, 'cmake_clean_cache': False, 'cmake_clean_first': False, 'cmake_force_configure': False, 'cmake_target': None, 'cmake_target_skip_unavailable': False, 'install_base': '/home/dstreib/ur5e/install/moveit_config', 'merge_install': False, 'path': '/home/dstreib/ur5e/src/ur5e_specific/my_robot_cell/moveit_config', 'symlink_install': False, 'test_result_base': None}
[0.213s] Level 5:colcon.colcon_core.verb:set package 'my_robot_cell_control' build argument 'cmake_args' from command line to 'None'
[0.213s] Level 5:colcon.colcon_core.verb:set package 'my_robot_cell_control' build argument 'cmake_target' from command line to 'None'
[0.213s] Level 5:colcon.colcon_core.verb:set package 'my_robot_cell_control' build argument 'cmake_target_skip_unavailable' from command line to 'False'
[0.213s] Level 5:colcon.colcon_core.verb:set package 'my_robot_cell_control' build argument 'cmake_clean_cache' from command line to 'False'
[0.213s] Level 5:colcon.colcon_core.verb:set package 'my_robot_cell_control' build argument 'cmake_clean_first' from command line to 'False'
[0.213s] Level 5:colcon.colcon_core.verb:set package 'my_robot_cell_control' build argument 'cmake_force_configure' from command line to 'False'
[0.213s] Level 5:colcon.colcon_core.verb:set package 'my_robot_cell_control' build argument 'ament_cmake_args' from command line to 'None'
[0.213s] Level 5:colcon.colcon_core.verb:set package 'my_robot_cell_control' build argument 'catkin_cmake_args' from command line to 'None'
[0.213s] Level 5:colcon.colcon_core.verb:set package 'my_robot_cell_control' build argument 'catkin_skip_building_tests' from command line to 'False'
[0.213s] DEBUG:colcon.colcon_core.verb:Building package 'my_robot_cell_control' with the following arguments: {'ament_cmake_args': None, 'build_base': '/home/dstreib/ur5e/build/my_robot_cell_control', 'catkin_cmake_args': None, 'catkin_skip_building_tests': False, 'cmake_args': None, 'cmake_clean_cache': False, 'cmake_clean_first': False, 'cmake_force_configure': False, 'cmake_target': None, 'cmake_target_skip_unavailable': False, 'install_base': '/home/dstreib/ur5e/install/my_robot_cell_control', 'merge_install': False, 'path': '/home/dstreib/ur5e/src/ur5e_specific/my_robot_cell/my_robot_cell_control', 'symlink_install': False, 'test_result_base': None}
[0.213s] INFO:colcon.colcon_core.executor:Executing jobs using 'parallel' executor
[0.214s] DEBUG:colcon.colcon_parallel_executor.executor.parallel:run_until_complete
[0.214s] INFO:colcon.colcon_ros.task.ament_cmake.build:Building ROS package in '/home/dstreib/ur5e/src/Universal_Robots_ROS2_Description' with build type 'ament_cmake'
[0.214s] INFO:colcon.colcon_cmake.task.cmake.build:Building CMake package in '/home/dstreib/ur5e/src/Universal_Robots_ROS2_Description'
[0.218s] INFO:colcon.colcon_core.plugin_system:Skipping extension 'colcon_core.shell.bat': Not used on non-Windows systems
[0.218s] INFO:colcon.colcon_core.shell:Skip shell extension 'powershell' for command environment: Not usable outside of PowerShell
[0.218s] DEBUG:colcon.colcon_core.shell:Skip shell extension 'dsv' for command environment
[0.229s] DEBUG:colcon.colcon_core.event_handler.log_command:Invoking command in '/home/dstreib/ur5e/build/ur_description': CMAKE_PREFIX_PATH=${CMAKE_PREFIX_PATH}:/opt/ros/jazzy DEBUGINFOD_URLS=https://debuginfod.ubuntu.com /usr/bin/cmake --build /home/dstreib/ur5e/build/ur_description -- -j22 -l22
[0.281s] DEBUG:colcon.colcon_core.event_handler.log_command:Invoked command in '/home/dstreib/ur5e/build/ur_description' returned '0': CMAKE_PREFIX_PATH=${CMAKE_PREFIX_PATH}:/opt/ros/jazzy DEBUGINFOD_URLS=https://debuginfod.ubuntu.com /usr/bin/cmake --build /home/dstreib/ur5e/build/ur_description -- -j22 -l22
[0.291s] DEBUG:colcon.colcon_core.event_handler.log_command:Invoking command in '/home/dstreib/ur5e/build/ur_description': CMAKE_PREFIX_PATH=${CMAKE_PREFIX_PATH}:/opt/ros/jazzy DEBUGINFOD_URLS=https://debuginfod.ubuntu.com /usr/bin/cmake --install /home/dstreib/ur5e/build/ur_description
[0.308s] Level 1:colcon.colcon_core.environment:create_environment_scripts_only(ur_description)
[0.308s] DEBUG:colcon.colcon_core.event_handler.log_command:Invoked command in '/home/dstreib/ur5e/build/ur_description' returned '0': CMAKE_PREFIX_PATH=${CMAKE_PREFIX_PATH}:/opt/ros/jazzy DEBUGINFOD_URLS=https://debuginfod.ubuntu.com /usr/bin/cmake --install /home/dstreib/ur5e/build/ur_description
[0.311s] Level 1:colcon.colcon_core.environment:checking '/home/dstreib/ur5e/install/ur_description' for CMake module files
[0.312s] Level 1:colcon.colcon_core.environment:checking '/home/dstreib/ur5e/install/ur_description' for CMake config files
[0.312s] Level 1:colcon.colcon_core.shell:create_environment_hook('ur_description', 'cmake_prefix_path')
[0.312s] INFO:colcon.colcon_core.shell:Creating environment hook '/home/dstreib/ur5e/install/ur_description/share/ur_description/hook/cmake_prefix_path.ps1'
[0.312s] INFO:colcon.colcon_core.shell:Creating environment descriptor '/home/dstreib/ur5e/install/ur_description/share/ur_description/hook/cmake_prefix_path.dsv'
[0.313s] INFO:colcon.colcon_core.shell:Creating environment hook '/home/dstreib/ur5e/install/ur_description/share/ur_description/hook/cmake_prefix_path.sh'
[0.313s] Level 1:colcon.colcon_core.environment:checking '/home/dstreib/ur5e/install/ur_description/bin'
[0.313s] Level 1:colcon.colcon_core.environment:checking '/home/dstreib/ur5e/install/ur_description/lib/pkgconfig/ur_description.pc'
[0.313s] Level 1:colcon.colcon_core.environment:checking '/home/dstreib/ur5e/install/ur_description/lib/python3.12/site-packages'
[0.314s] Level 1:colcon.colcon_core.environment:checking '/home/dstreib/ur5e/install/ur_description/bin'
[0.314s] INFO:colcon.colcon_core.shell:Creating package script '/home/dstreib/ur5e/install/ur_description/share/ur_description/package.ps1'
[0.314s] INFO:colcon.colcon_core.shell:Creating package descriptor '/home/dstreib/ur5e/install/ur_description/share/ur_description/package.dsv'
[0.314s] INFO:colcon.colcon_core.shell:Creating package script '/home/dstreib/ur5e/install/ur_description/share/ur_description/package.sh'
[0.315s] INFO:colcon.colcon_core.shell:Creating package script '/home/dstreib/ur5e/install/ur_description/share/ur_description/package.bash'
[0.315s] INFO:colcon.colcon_core.shell:Creating package script '/home/dstreib/ur5e/install/ur_description/share/ur_description/package.zsh'
[0.316s] Level 1:colcon.colcon_core.environment:create_file_with_runtime_dependencies(/home/dstreib/ur5e/install/ur_description/share/colcon-core/packages/ur_description)
[0.316s] Level 1:colcon.colcon_core.environment:create_environment_scripts_only(ur_description)
[0.316s] Level 1:colcon.colcon_core.environment:checking '/home/dstreib/ur5e/install/ur_description' for CMake module files
[0.316s] Level 1:colcon.colcon_core.environment:checking '/home/dstreib/ur5e/install/ur_description' for CMake config files
[0.317s] Level 1:colcon.colcon_core.shell:create_environment_hook('ur_description', 'cmake_prefix_path')
[0.317s] INFO:colcon.colcon_core.shell:Creating environment hook '/home/dstreib/ur5e/install/ur_description/share/ur_description/hook/cmake_prefix_path.ps1'
[0.317s] INFO:colcon.colcon_core.shell:Creating environment descriptor '/home/dstreib/ur5e/install/ur_description/share/ur_description/hook/cmake_prefix_path.dsv'
[0.317s] INFO:colcon.colcon_core.shell:Creating environment hook '/home/dstreib/ur5e/install/ur_description/share/ur_description/hook/cmake_prefix_path.sh'
[0.317s] Level 1:colcon.colcon_core.environment:checking '/home/dstreib/ur5e/install/ur_description/bin'
[0.317s] Level 1:colcon.colcon_core.environment:checking '/home/dstreib/ur5e/install/ur_description/lib/pkgconfig/ur_description.pc'
[0.317s] Level 1:colcon.colcon_core.environment:checking '/home/dstreib/ur5e/install/ur_description/lib/python3.12/site-packages'
[0.318s] Level 1:colcon.colcon_core.environment:checking '/home/dstreib/ur5e/install/ur_description/bin'
[0.318s] INFO:colcon.colcon_core.shell:Creating package script '/home/dstreib/ur5e/install/ur_description/share/ur_description/package.ps1'
[0.318s] INFO:colcon.colcon_core.shell:Creating package descriptor '/home/dstreib/ur5e/install/ur_description/share/ur_description/package.dsv'
[0.318s] INFO:colcon.colcon_core.shell:Creating package script '/home/dstreib/ur5e/install/ur_description/share/ur_description/package.sh'
[0.318s] INFO:colcon.colcon_core.shell:Creating package script '/home/dstreib/ur5e/install/ur_description/share/ur_description/package.bash'
[0.319s] INFO:colcon.colcon_core.shell:Creating package script '/home/dstreib/ur5e/install/ur_description/share/ur_description/package.zsh'
[0.319s] Level 1:colcon.colcon_core.environment:create_file_with_runtime_dependencies(/home/dstreib/ur5e/install/ur_description/share/colcon-core/packages/ur_description)
[0.319s] INFO:colcon.colcon_ros.task.ament_cmake.build:Building ROS package in '/home/dstreib/ur5e/src/ur5e_specific/my_robot_cell/my_robot_cell_description' with build type 'ament_cmake'
[0.319s] INFO:colcon.colcon_cmake.task.cmake.build:Building CMake package in '/home/dstreib/ur5e/src/ur5e_specific/my_robot_cell/my_robot_cell_description'
[0.319s] INFO:colcon.colcon_core.shell:Skip shell extension 'powershell' for command environment: Not usable outside of PowerShell
[0.319s] DEBUG:colcon.colcon_core.shell:Skip shell extension 'dsv' for command environment
[0.327s] DEBUG:colcon.colcon_core.event_handler.log_command:Invoking command in '/home/dstreib/ur5e/build/my_robot_cell_description': CMAKE_PREFIX_PATH=/home/dstreib/ur5e/install/ur_description:/home/dstreib/ur5e/install/my_robot_cell_control:/home/dstreib/ur5e/install/moveit_config:/home/dstreib/ur5e/install/my_robot_cell_description:/home/dstreib/ur_tutorials/install/ur:/home/dstreib/ur_tutorials/install/ur_calibration:/home/dstreib/ur_tutorials/install/my_robot_ur5e_moveit:/home/dstreib/ur_tutorials/install/my_robot_cell_moveit_config:/home/dstreib/ur_tutorials/install/my_robot_cell_control:/home/dstreib/ur_tutorials/install/my_robot_cell_description:/home/dstreib/ur_tutorials/install/ur_robot_driver:/home/dstreib/ur_tutorials/install/ur_moveit_config:/home/dstreib/ur_tutorials/install/ur_description:/home/dstreib/ur_tutorials/install/ur_controllers:/home/dstreib/ur_tutorials/install/ur_dashboard_msgs:/home/dstreib/ros2_bt/install/urdf_tutorial:/home/dstreib/ros2_bt/install/ur_description:/home/dstreib/ros2_bt/install/screwdriver_description:/opt/ros/jazzy/opt/gz_sim_vendor:/opt/ros/jazzy/opt/gz_sensors_vendor:/opt/ros/jazzy/opt/gz_physics_vendor:/opt/ros/jazzy/opt/sdformat_vendor:/opt/ros/jazzy/opt/gz_gui_vendor:/opt/ros/jazzy/opt/gz_transport_vendor:/opt/ros/jazzy/opt/gz_rendering_vendor:/opt/ros/jazzy/opt/gz_plugin_vendor:/opt/ros/jazzy/opt/gz_fuel_tools_vendor:/opt/ros/jazzy/opt/gz_msgs_vendor:/opt/ros/jazzy/opt/gz_common_vendor:/opt/ros/jazzy/opt/gz_math_vendor:/opt/ros/jazzy/opt/gz_utils_vendor:/opt/ros/jazzy/opt/gz_tools_vendor:/opt/ros/jazzy/opt/gz_ogre_next_vendor:/opt/ros/jazzy/opt/gz_dartsim_vendor:/opt/ros/jazzy/opt/gz_cmake_vendor:/opt/ros/jazzy DEBUGINFOD_URLS=https://debuginfod.ubuntu.com /usr/bin/cmake --build /home/dstreib/ur5e/build/my_robot_cell_description -- -j22 -l22
[0.359s] DEBUG:colcon.colcon_core.event_handler.log_command:Invoked command in '/home/dstreib/ur5e/build/my_robot_cell_description' returned '0': CMAKE_PREFIX_PATH=/home/dstreib/ur5e/install/ur_description:/home/dstreib/ur5e/install/my_robot_cell_control:/home/dstreib/ur5e/install/moveit_config:/home/dstreib/ur5e/install/my_robot_cell_description:/home/dstreib/ur_tutorials/install/ur:/home/dstreib/ur_tutorials/install/ur_calibration:/home/dstreib/ur_tutorials/install/my_robot_ur5e_moveit:/home/dstreib/ur_tutorials/install/my_robot_cell_moveit_config:/home/dstreib/ur_tutorials/install/my_robot_cell_control:/home/dstreib/ur_tutorials/install/my_robot_cell_description:/home/dstreib/ur_tutorials/install/ur_robot_driver:/home/dstreib/ur_tutorials/install/ur_moveit_config:/home/dstreib/ur_tutorials/install/ur_description:/home/dstreib/ur_tutorials/install/ur_controllers:/home/dstreib/ur_tutorials/install/ur_dashboard_msgs:/home/dstreib/ros2_bt/install/urdf_tutorial:/home/dstreib/ros2_bt/install/ur_description:/home/dstreib/ros2_bt/install/screwdriver_description:/opt/ros/jazzy/opt/gz_sim_vendor:/opt/ros/jazzy/opt/gz_sensors_vendor:/opt/ros/jazzy/opt/gz_physics_vendor:/opt/ros/jazzy/opt/sdformat_vendor:/opt/ros/jazzy/opt/gz_gui_vendor:/opt/ros/jazzy/opt/gz_transport_vendor:/opt/ros/jazzy/opt/gz_rendering_vendor:/opt/ros/jazzy/opt/gz_plugin_vendor:/opt/ros/jazzy/opt/gz_fuel_tools_vendor:/opt/ros/jazzy/opt/gz_msgs_vendor:/opt/ros/jazzy/opt/gz_common_vendor:/opt/ros/jazzy/opt/gz_math_vendor:/opt/ros/jazzy/opt/gz_utils_vendor:/opt/ros/jazzy/opt/gz_tools_vendor:/opt/ros/jazzy/opt/gz_ogre_next_vendor:/opt/ros/jazzy/opt/gz_dartsim_vendor:/opt/ros/jazzy/opt/gz_cmake_vendor:/opt/ros/jazzy DEBUGINFOD_URLS=https://debuginfod.ubuntu.com /usr/bin/cmake --build /home/dstreib/ur5e/build/my_robot_cell_description -- -j22 -l22
[0.359s] DEBUG:colcon.colcon_core.event_handler.log_command:Invoking command in '/home/dstreib/ur5e/build/my_robot_cell_description': CMAKE_PREFIX_PATH=/home/dstreib/ur5e/install/ur_description:/home/dstreib/ur5e/install/my_robot_cell_control:/home/dstreib/ur5e/install/moveit_config:/home/dstreib/ur5e/install/my_robot_cell_description:/home/dstreib/ur_tutorials/install/ur:/home/dstreib/ur_tutorials/install/ur_calibration:/home/dstreib/ur_tutorials/install/my_robot_ur5e_moveit:/home/dstreib/ur_tutorials/install/my_robot_cell_moveit_config:/home/dstreib/ur_tutorials/install/my_robot_cell_control:/home/dstreib/ur_tutorials/install/my_robot_cell_description:/home/dstreib/ur_tutorials/install/ur_robot_driver:/home/dstreib/ur_tutorials/install/ur_moveit_config:/home/dstreib/ur_tutorials/install/ur_description:/home/dstreib/ur_tutorials/install/ur_controllers:/home/dstreib/ur_tutorials/install/ur_dashboard_msgs:/home/dstreib/ros2_bt/install/urdf_tutorial:/home/dstreib/ros2_bt/install/ur_description:/home/dstreib/ros2_bt/install/screwdriver_description:/opt/ros/jazzy/opt/gz_sim_vendor:/opt/ros/jazzy/opt/gz_sensors_vendor:/opt/ros/jazzy/opt/gz_physics_vendor:/opt/ros/jazzy/opt/sdformat_vendor:/opt/ros/jazzy/opt/gz_gui_vendor:/opt/ros/jazzy/opt/gz_transport_vendor:/opt/ros/jazzy/opt/gz_rendering_vendor:/opt/ros/jazzy/opt/gz_plugin_vendor:/opt/ros/jazzy/opt/gz_fuel_tools_vendor:/opt/ros/jazzy/opt/gz_msgs_vendor:/opt/ros/jazzy/opt/gz_common_vendor:/opt/ros/jazzy/opt/gz_math_vendor:/opt/ros/jazzy/opt/gz_utils_vendor:/opt/ros/jazzy/opt/gz_tools_vendor:/opt/ros/jazzy/opt/gz_ogre_next_vendor:/opt/ros/jazzy/opt/gz_dartsim_vendor:/opt/ros/jazzy/opt/gz_cmake_vendor:/opt/ros/jazzy DEBUGINFOD_URLS=https://debuginfod.ubuntu.com /usr/bin/cmake --install /home/dstreib/ur5e/build/my_robot_cell_description
[0.369s] Level 1:colcon.colcon_core.environment:create_environment_scripts_only(my_robot_cell_description)
[0.369s] DEBUG:colcon.colcon_core.event_handler.log_command:Invoked command in '/home/dstreib/ur5e/build/my_robot_cell_description' returned '0': CMAKE_PREFIX_PATH=/home/dstreib/ur5e/install/ur_description:/home/dstreib/ur5e/install/my_robot_cell_control:/home/dstreib/ur5e/install/moveit_config:/home/dstreib/ur5e/install/my_robot_cell_description:/home/dstreib/ur_tutorials/install/ur:/home/dstreib/ur_tutorials/install/ur_calibration:/home/dstreib/ur_tutorials/install/my_robot_ur5e_moveit:/home/dstreib/ur_tutorials/install/my_robot_cell_moveit_config:/home/dstreib/ur_tutorials/install/my_robot_cell_control:/home/dstreib/ur_tutorials/install/my_robot_cell_description:/home/dstreib/ur_tutorials/install/ur_robot_driver:/home/dstreib/ur_tutorials/install/ur_moveit_config:/home/dstreib/ur_tutorials/install/ur_description:/home/dstreib/ur_tutorials/install/ur_controllers:/home/dstreib/ur_tutorials/install/ur_dashboard_msgs:/home/dstreib/ros2_bt/install/urdf_tutorial:/home/dstreib/ros2_bt/install/ur_description:/home/dstreib/ros2_bt/install/screwdriver_description:/opt/ros/jazzy/opt/gz_sim_vendor:/opt/ros/jazzy/opt/gz_sensors_vendor:/opt/ros/jazzy/opt/gz_physics_vendor:/opt/ros/jazzy/opt/sdformat_vendor:/opt/ros/jazzy/opt/gz_gui_vendor:/opt/ros/jazzy/opt/gz_transport_vendor:/opt/ros/jazzy/opt/gz_rendering_vendor:/opt/ros/jazzy/opt/gz_plugin_vendor:/opt/ros/jazzy/opt/gz_fuel_tools_vendor:/opt/ros/jazzy/opt/gz_msgs_vendor:/opt/ros/jazzy/opt/gz_common_vendor:/opt/ros/jazzy/opt/gz_math_vendor:/opt/ros/jazzy/opt/gz_utils_vendor:/opt/ros/jazzy/opt/gz_tools_vendor:/opt/ros/jazzy/opt/gz_ogre_next_vendor:/opt/ros/jazzy/opt/gz_dartsim_vendor:/opt/ros/jazzy/opt/gz_cmake_vendor:/opt/ros/jazzy DEBUGINFOD_URLS=https://debuginfod.ubuntu.com /usr/bin/cmake --install /home/dstreib/ur5e/build/my_robot_cell_description
[0.369s] Level 1:colcon.colcon_core.environment:checking '/home/dstreib/ur5e/install/my_robot_cell_description' for CMake module files
[0.369s] Level 1:colcon.colcon_core.environment:checking '/home/dstreib/ur5e/install/my_robot_cell_description' for CMake config files
[0.369s] Level 1:colcon.colcon_core.shell:create_environment_hook('my_robot_cell_description', 'cmake_prefix_path')
[0.369s] INFO:colcon.colcon_core.shell:Creating environment hook '/home/dstreib/ur5e/install/my_robot_cell_description/share/my_robot_cell_description/hook/cmake_prefix_path.ps1'
[0.370s] INFO:colcon.colcon_core.shell:Creating environment descriptor '/home/dstreib/ur5e/install/my_robot_cell_description/share/my_robot_cell_description/hook/cmake_prefix_path.dsv'
[0.370s] INFO:colcon.colcon_core.shell:Creating environment hook '/home/dstreib/ur5e/install/my_robot_cell_description/share/my_robot_cell_description/hook/cmake_prefix_path.sh'
[0.370s] Level 1:colcon.colcon_core.environment:checking '/home/dstreib/ur5e/install/my_robot_cell_description/bin'
[0.370s] Level 1:colcon.colcon_core.environment:checking '/home/dstreib/ur5e/install/my_robot_cell_description/lib/pkgconfig/my_robot_cell_description.pc'
[0.370s] Level 1:colcon.colcon_core.environment:checking '/home/dstreib/ur5e/install/my_robot_cell_description/lib/python3.12/site-packages'
[0.370s] Level 1:colcon.colcon_core.environment:checking '/home/dstreib/ur5e/install/my_robot_cell_description/bin'
[0.371s] INFO:colcon.colcon_core.shell:Creating package script '/home/dstreib/ur5e/install/my_robot_cell_description/share/my_robot_cell_description/package.ps1'
[0.371s] INFO:colcon.colcon_core.shell:Creating package descriptor '/home/dstreib/ur5e/install/my_robot_cell_description/share/my_robot_cell_description/package.dsv'
[0.371s] INFO:colcon.colcon_core.shell:Creating package script '/home/dstreib/ur5e/install/my_robot_cell_description/share/my_robot_cell_description/package.sh'
[0.371s] INFO:colcon.colcon_core.shell:Creating package script '/home/dstreib/ur5e/install/my_robot_cell_description/share/my_robot_cell_description/package.bash'
[0.371s] INFO:colcon.colcon_core.shell:Creating package script '/home/dstreib/ur5e/install/my_robot_cell_description/share/my_robot_cell_description/package.zsh'
[0.371s] Level 1:colcon.colcon_core.environment:create_file_with_runtime_dependencies(/home/dstreib/ur5e/install/my_robot_cell_description/share/colcon-core/packages/my_robot_cell_description)
[0.372s] Level 1:colcon.colcon_core.environment:create_environment_scripts_only(my_robot_cell_description)
[0.372s] Level 1:colcon.colcon_core.environment:checking '/home/dstreib/ur5e/install/my_robot_cell_description' for CMake module files
[0.372s] Level 1:colcon.colcon_core.environment:checking '/home/dstreib/ur5e/install/my_robot_cell_description' for CMake config files
[0.372s] Level 1:colcon.colcon_core.shell:create_environment_hook('my_robot_cell_description', 'cmake_prefix_path')
[0.372s] INFO:colcon.colcon_core.shell:Creating environment hook '/home/dstreib/ur5e/install/my_robot_cell_description/share/my_robot_cell_description/hook/cmake_prefix_path.ps1'
[0.372s] INFO:colcon.colcon_core.shell:Creating environment descriptor '/home/dstreib/ur5e/install/my_robot_cell_description/share/my_robot_cell_description/hook/cmake_prefix_path.dsv'
[0.372s] INFO:colcon.colcon_core.shell:Creating environment hook '/home/dstreib/ur5e/install/my_robot_cell_description/share/my_robot_cell_description/hook/cmake_prefix_path.sh'
[0.373s] Level 1:colcon.colcon_core.environment:checking '/home/dstreib/ur5e/install/my_robot_cell_description/bin'
[0.373s] Level 1:colcon.colcon_core.environment:checking '/home/dstreib/ur5e/install/my_robot_cell_description/lib/pkgconfig/my_robot_cell_description.pc'
[0.373s] Level 1:colcon.colcon_core.environment:checking '/home/dstreib/ur5e/install/my_robot_cell_description/lib/python3.12/site-packages'
[0.373s] Level 1:colcon.colcon_core.environment:checking '/home/dstreib/ur5e/install/my_robot_cell_description/bin'
[0.373s] INFO:colcon.colcon_core.shell:Creating package script '/home/dstreib/ur5e/install/my_robot_cell_description/share/my_robot_cell_description/package.ps1'
[0.373s] INFO:colcon.colcon_core.shell:Creating package descriptor '/home/dstreib/ur5e/install/my_robot_cell_description/share/my_robot_cell_description/package.dsv'
[0.373s] INFO:colcon.colcon_core.shell:Creating package script '/home/dstreib/ur5e/install/my_robot_cell_description/share/my_robot_cell_description/package.sh'
[0.374s] INFO:colcon.colcon_core.shell:Creating package script '/home/dstreib/ur5e/install/my_robot_cell_description/share/my_robot_cell_description/package.bash'
[0.374s] INFO:colcon.colcon_core.shell:Creating package script '/home/dstreib/ur5e/install/my_robot_cell_description/share/my_robot_cell_description/package.zsh'
[0.374s] Level 1:colcon.colcon_core.environment:create_file_with_runtime_dependencies(/home/dstreib/ur5e/install/my_robot_cell_description/share/colcon-core/packages/my_robot_cell_description)
[0.374s] INFO:colcon.colcon_ros.task.ament_cmake.build:Building ROS package in '/home/dstreib/ur5e/src/ur5e_specific/my_robot_cell/moveit_config' with build type 'ament_cmake'
[0.374s] INFO:colcon.colcon_cmake.task.cmake.build:Building CMake package in '/home/dstreib/ur5e/src/ur5e_specific/my_robot_cell/moveit_config'
[0.374s] INFO:colcon.colcon_core.shell:Skip shell extension 'powershell' for command environment: Not usable outside of PowerShell
[0.374s] DEBUG:colcon.colcon_core.shell:Skip shell extension 'dsv' for command environment
[0.377s] INFO:colcon.colcon_ros.task.ament_cmake.build:Building ROS package in '/home/dstreib/ur5e/src/ur5e_specific/my_robot_cell/my_robot_cell_control' with build type 'ament_cmake'
[0.377s] INFO:colcon.colcon_cmake.task.cmake.build:Building CMake package in '/home/dstreib/ur5e/src/ur5e_specific/my_robot_cell/my_robot_cell_control'
[0.377s] INFO:colcon.colcon_core.shell:Skip shell extension 'powershell' for command environment: Not usable outside of PowerShell
[0.377s] DEBUG:colcon.colcon_core.shell:Skip shell extension 'dsv' for command environment
[0.382s] DEBUG:colcon.colcon_core.event_handler.log_command:Invoking command in '/home/dstreib/ur5e/build/moveit_config': CMAKE_PREFIX_PATH=/home/dstreib/ur5e/install/my_robot_cell_description:/home/dstreib/ur5e/install/ur_description:/home/dstreib/ur5e/install/my_robot_cell_control:/home/dstreib/ur5e/install/moveit_config:/home/dstreib/ur_tutorials/install/ur:/home/dstreib/ur_tutorials/install/ur_calibration:/home/dstreib/ur_tutorials/install/my_robot_ur5e_moveit:/home/dstreib/ur_tutorials/install/my_robot_cell_moveit_config:/home/dstreib/ur_tutorials/install/my_robot_cell_control:/home/dstreib/ur_tutorials/install/my_robot_cell_description:/home/dstreib/ur_tutorials/install/ur_robot_driver:/home/dstreib/ur_tutorials/install/ur_moveit_config:/home/dstreib/ur_tutorials/install/ur_description:/home/dstreib/ur_tutorials/install/ur_controllers:/home/dstreib/ur_tutorials/install/ur_dashboard_msgs:/home/dstreib/ros2_bt/install/urdf_tutorial:/home/dstreib/ros2_bt/install/ur_description:/home/dstreib/ros2_bt/install/screwdriver_description:/opt/ros/jazzy/opt/gz_sim_vendor:/opt/ros/jazzy/opt/gz_sensors_vendor:/opt/ros/jazzy/opt/gz_physics_vendor:/opt/ros/jazzy/opt/sdformat_vendor:/opt/ros/jazzy/opt/gz_gui_vendor:/opt/ros/jazzy/opt/gz_transport_vendor:/opt/ros/jazzy/opt/gz_rendering_vendor:/opt/ros/jazzy/opt/gz_plugin_vendor:/opt/ros/jazzy/opt/gz_fuel_tools_vendor:/opt/ros/jazzy/opt/gz_msgs_vendor:/opt/ros/jazzy/opt/gz_common_vendor:/opt/ros/jazzy/opt/gz_math_vendor:/opt/ros/jazzy/opt/gz_utils_vendor:/opt/ros/jazzy/opt/gz_tools_vendor:/opt/ros/jazzy/opt/gz_ogre_next_vendor:/opt/ros/jazzy/opt/gz_dartsim_vendor:/opt/ros/jazzy/opt/gz_cmake_vendor:/opt/ros/jazzy DEBUGINFOD_URLS=https://debuginfod.ubuntu.com /usr/bin/cmake --build /home/dstreib/ur5e/build/moveit_config -- -j22 -l22
[0.385s] DEBUG:colcon.colcon_core.event_handler.log_command:Invoking command in '/home/dstreib/ur5e/build/my_robot_cell_control': CMAKE_PREFIX_PATH=/home/dstreib/ur5e/install/my_robot_cell_description:/home/dstreib/ur5e/install/ur_description:/home/dstreib/ur5e/install/my_robot_cell_control:/home/dstreib/ur5e/install/moveit_config:/home/dstreib/ur_tutorials/install/ur:/home/dstreib/ur_tutorials/install/ur_calibration:/home/dstreib/ur_tutorials/install/my_robot_ur5e_moveit:/home/dstreib/ur_tutorials/install/my_robot_cell_moveit_config:/home/dstreib/ur_tutorials/install/my_robot_cell_control:/home/dstreib/ur_tutorials/install/my_robot_cell_description:/home/dstreib/ur_tutorials/install/ur_robot_driver:/home/dstreib/ur_tutorials/install/ur_moveit_config:/home/dstreib/ur_tutorials/install/ur_description:/home/dstreib/ur_tutorials/install/ur_controllers:/home/dstreib/ur_tutorials/install/ur_dashboard_msgs:/home/dstreib/ros2_bt/install/urdf_tutorial:/home/dstreib/ros2_bt/install/ur_description:/home/dstreib/ros2_bt/install/screwdriver_description:/opt/ros/jazzy/opt/gz_sim_vendor:/opt/ros/jazzy/opt/gz_sensors_vendor:/opt/ros/jazzy/opt/gz_physics_vendor:/opt/ros/jazzy/opt/sdformat_vendor:/opt/ros/jazzy/opt/gz_gui_vendor:/opt/ros/jazzy/opt/gz_transport_vendor:/opt/ros/jazzy/opt/gz_rendering_vendor:/opt/ros/jazzy/opt/gz_plugin_vendor:/opt/ros/jazzy/opt/gz_fuel_tools_vendor:/opt/ros/jazzy/opt/gz_msgs_vendor:/opt/ros/jazzy/opt/gz_common_vendor:/opt/ros/jazzy/opt/gz_math_vendor:/opt/ros/jazzy/opt/gz_utils_vendor:/opt/ros/jazzy/opt/gz_tools_vendor:/opt/ros/jazzy/opt/gz_ogre_next_vendor:/opt/ros/jazzy/opt/gz_dartsim_vendor:/opt/ros/jazzy/opt/gz_cmake_vendor:/opt/ros/jazzy DEBUGINFOD_URLS=https://debuginfod.ubuntu.com /usr/bin/cmake --build /home/dstreib/ur5e/build/my_robot_cell_control -- -j22 -l22
[0.413s] DEBUG:colcon.colcon_core.event_handler.log_command:Invoked command in '/home/dstreib/ur5e/build/moveit_config' returned '0': CMAKE_PREFIX_PATH=/home/dstreib/ur5e/install/my_robot_cell_description:/home/dstreib/ur5e/install/ur_description:/home/dstreib/ur5e/install/my_robot_cell_control:/home/dstreib/ur5e/install/moveit_config:/home/dstreib/ur_tutorials/install/ur:/home/dstreib/ur_tutorials/install/ur_calibration:/home/dstreib/ur_tutorials/install/my_robot_ur5e_moveit:/home/dstreib/ur_tutorials/install/my_robot_cell_moveit_config:/home/dstreib/ur_tutorials/install/my_robot_cell_control:/home/dstreib/ur_tutorials/install/my_robot_cell_description:/home/dstreib/ur_tutorials/install/ur_robot_driver:/home/dstreib/ur_tutorials/install/ur_moveit_config:/home/dstreib/ur_tutorials/install/ur_description:/home/dstreib/ur_tutorials/install/ur_controllers:/home/dstreib/ur_tutorials/install/ur_dashboard_msgs:/home/dstreib/ros2_bt/install/urdf_tutorial:/home/dstreib/ros2_bt/install/ur_description:/home/dstreib/ros2_bt/install/screwdriver_description:/opt/ros/jazzy/opt/gz_sim_vendor:/opt/ros/jazzy/opt/gz_sensors_vendor:/opt/ros/jazzy/opt/gz_physics_vendor:/opt/ros/jazzy/opt/sdformat_vendor:/opt/ros/jazzy/opt/gz_gui_vendor:/opt/ros/jazzy/opt/gz_transport_vendor:/opt/ros/jazzy/opt/gz_rendering_vendor:/opt/ros/jazzy/opt/gz_plugin_vendor:/opt/ros/jazzy/opt/gz_fuel_tools_vendor:/opt/ros/jazzy/opt/gz_msgs_vendor:/opt/ros/jazzy/opt/gz_common_vendor:/opt/ros/jazzy/opt/gz_math_vendor:/opt/ros/jazzy/opt/gz_utils_vendor:/opt/ros/jazzy/opt/gz_tools_vendor:/opt/ros/jazzy/opt/gz_ogre_next_vendor:/opt/ros/jazzy/opt/gz_dartsim_vendor:/opt/ros/jazzy/opt/gz_cmake_vendor:/opt/ros/jazzy DEBUGINFOD_URLS=https://debuginfod.ubuntu.com /usr/bin/cmake --build /home/dstreib/ur5e/build/moveit_config -- -j22 -l22
[0.415s] DEBUG:colcon.colcon_core.event_handler.log_command:Invoking command in '/home/dstreib/ur5e/build/moveit_config': CMAKE_PREFIX_PATH=/home/dstreib/ur5e/install/my_robot_cell_description:/home/dstreib/ur5e/install/ur_description:/home/dstreib/ur5e/install/my_robot_cell_control:/home/dstreib/ur5e/install/moveit_config:/home/dstreib/ur_tutorials/install/ur:/home/dstreib/ur_tutorials/install/ur_calibration:/home/dstreib/ur_tutorials/install/my_robot_ur5e_moveit:/home/dstreib/ur_tutorials/install/my_robot_cell_moveit_config:/home/dstreib/ur_tutorials/install/my_robot_cell_control:/home/dstreib/ur_tutorials/install/my_robot_cell_description:/home/dstreib/ur_tutorials/install/ur_robot_driver:/home/dstreib/ur_tutorials/install/ur_moveit_config:/home/dstreib/ur_tutorials/install/ur_description:/home/dstreib/ur_tutorials/install/ur_controllers:/home/dstreib/ur_tutorials/install/ur_dashboard_msgs:/home/dstreib/ros2_bt/install/urdf_tutorial:/home/dstreib/ros2_bt/install/ur_description:/home/dstreib/ros2_bt/install/screwdriver_description:/opt/ros/jazzy/opt/gz_sim_vendor:/opt/ros/jazzy/opt/gz_sensors_vendor:/opt/ros/jazzy/opt/gz_physics_vendor:/opt/ros/jazzy/opt/sdformat_vendor:/opt/ros/jazzy/opt/gz_gui_vendor:/opt/ros/jazzy/opt/gz_transport_vendor:/opt/ros/jazzy/opt/gz_rendering_vendor:/opt/ros/jazzy/opt/gz_plugin_vendor:/opt/ros/jazzy/opt/gz_fuel_tools_vendor:/opt/ros/jazzy/opt/gz_msgs_vendor:/opt/ros/jazzy/opt/gz_common_vendor:/opt/ros/jazzy/opt/gz_math_vendor:/opt/ros/jazzy/opt/gz_utils_vendor:/opt/ros/jazzy/opt/gz_tools_vendor:/opt/ros/jazzy/opt/gz_ogre_next_vendor:/opt/ros/jazzy/opt/gz_dartsim_vendor:/opt/ros/jazzy/opt/gz_cmake_vendor:/opt/ros/jazzy DEBUGINFOD_URLS=https://debuginfod.ubuntu.com /usr/bin/cmake --install /home/dstreib/ur5e/build/moveit_config
[0.418s] DEBUG:colcon.colcon_core.event_handler.log_command:Invoked command in '/home/dstreib/ur5e/build/my_robot_cell_control' returned '0': CMAKE_PREFIX_PATH=/home/dstreib/ur5e/install/my_robot_cell_description:/home/dstreib/ur5e/install/ur_description:/home/dstreib/ur5e/install/my_robot_cell_control:/home/dstreib/ur5e/install/moveit_config:/home/dstreib/ur_tutorials/install/ur:/home/dstreib/ur_tutorials/install/ur_calibration:/home/dstreib/ur_tutorials/install/my_robot_ur5e_moveit:/home/dstreib/ur_tutorials/install/my_robot_cell_moveit_config:/home/dstreib/ur_tutorials/install/my_robot_cell_control:/home/dstreib/ur_tutorials/install/my_robot_cell_description:/home/dstreib/ur_tutorials/install/ur_robot_driver:/home/dstreib/ur_tutorials/install/ur_moveit_config:/home/dstreib/ur_tutorials/install/ur_description:/home/dstreib/ur_tutorials/install/ur_controllers:/home/dstreib/ur_tutorials/install/ur_dashboard_msgs:/home/dstreib/ros2_bt/install/urdf_tutorial:/home/dstreib/ros2_bt/install/ur_description:/home/dstreib/ros2_bt/install/screwdriver_description:/opt/ros/jazzy/opt/gz_sim_vendor:/opt/ros/jazzy/opt/gz_sensors_vendor:/opt/ros/jazzy/opt/gz_physics_vendor:/opt/ros/jazzy/opt/sdformat_vendor:/opt/ros/jazzy/opt/gz_gui_vendor:/opt/ros/jazzy/opt/gz_transport_vendor:/opt/ros/jazzy/opt/gz_rendering_vendor:/opt/ros/jazzy/opt/gz_plugin_vendor:/opt/ros/jazzy/opt/gz_fuel_tools_vendor:/opt/ros/jazzy/opt/gz_msgs_vendor:/opt/ros/jazzy/opt/gz_common_vendor:/opt/ros/jazzy/opt/gz_math_vendor:/opt/ros/jazzy/opt/gz_utils_vendor:/opt/ros/jazzy/opt/gz_tools_vendor:/opt/ros/jazzy/opt/gz_ogre_next_vendor:/opt/ros/jazzy/opt/gz_dartsim_vendor:/opt/ros/jazzy/opt/gz_cmake_vendor:/opt/ros/jazzy DEBUGINFOD_URLS=https://debuginfod.ubuntu.com /usr/bin/cmake --build /home/dstreib/ur5e/build/my_robot_cell_control -- -j22 -l22
[0.419s] DEBUG:colcon.colcon_core.event_handler.log_command:Invoking command in '/home/dstreib/ur5e/build/my_robot_cell_control': CMAKE_PREFIX_PATH=/home/dstreib/ur5e/install/my_robot_cell_description:/home/dstreib/ur5e/install/ur_description:/home/dstreib/ur5e/install/my_robot_cell_control:/home/dstreib/ur5e/install/moveit_config:/home/dstreib/ur_tutorials/install/ur:/home/dstreib/ur_tutorials/install/ur_calibration:/home/dstreib/ur_tutorials/install/my_robot_ur5e_moveit:/home/dstreib/ur_tutorials/install/my_robot_cell_moveit_config:/home/dstreib/ur_tutorials/install/my_robot_cell_control:/home/dstreib/ur_tutorials/install/my_robot_cell_description:/home/dstreib/ur_tutorials/install/ur_robot_driver:/home/dstreib/ur_tutorials/install/ur_moveit_config:/home/dstreib/ur_tutorials/install/ur_description:/home/dstreib/ur_tutorials/install/ur_controllers:/home/dstreib/ur_tutorials/install/ur_dashboard_msgs:/home/dstreib/ros2_bt/install/urdf_tutorial:/home/dstreib/ros2_bt/install/ur_description:/home/dstreib/ros2_bt/install/screwdriver_description:/opt/ros/jazzy/opt/gz_sim_vendor:/opt/ros/jazzy/opt/gz_sensors_vendor:/opt/ros/jazzy/opt/gz_physics_vendor:/opt/ros/jazzy/opt/sdformat_vendor:/opt/ros/jazzy/opt/gz_gui_vendor:/opt/ros/jazzy/opt/gz_transport_vendor:/opt/ros/jazzy/opt/gz_rendering_vendor:/opt/ros/jazzy/opt/gz_plugin_vendor:/opt/ros/jazzy/opt/gz_fuel_tools_vendor:/opt/ros/jazzy/opt/gz_msgs_vendor:/opt/ros/jazzy/opt/gz_common_vendor:/opt/ros/jazzy/opt/gz_math_vendor:/opt/ros/jazzy/opt/gz_utils_vendor:/opt/ros/jazzy/opt/gz_tools_vendor:/opt/ros/jazzy/opt/gz_ogre_next_vendor:/opt/ros/jazzy/opt/gz_dartsim_vendor:/opt/ros/jazzy/opt/gz_cmake_vendor:/opt/ros/jazzy DEBUGINFOD_URLS=https://debuginfod.ubuntu.com /usr/bin/cmake --install /home/dstreib/ur5e/build/my_robot_cell_control
[0.422s] Level 1:colcon.colcon_core.environment:create_environment_scripts_only(moveit_config)
[0.423s] Level 1:colcon.colcon_core.environment:checking '/home/dstreib/ur5e/install/moveit_config' for CMake module files
[0.423s] DEBUG:colcon.colcon_core.event_handler.log_command:Invoked command in '/home/dstreib/ur5e/build/moveit_config' returned '0': CMAKE_PREFIX_PATH=/home/dstreib/ur5e/install/my_robot_cell_description:/home/dstreib/ur5e/install/ur_description:/home/dstreib/ur5e/install/my_robot_cell_control:/home/dstreib/ur5e/install/moveit_config:/home/dstreib/ur_tutorials/install/ur:/home/dstreib/ur_tutorials/install/ur_calibration:/home/dstreib/ur_tutorials/install/my_robot_ur5e_moveit:/home/dstreib/ur_tutorials/install/my_robot_cell_moveit_config:/home/dstreib/ur_tutorials/install/my_robot_cell_control:/home/dstreib/ur_tutorials/install/my_robot_cell_description:/home/dstreib/ur_tutorials/install/ur_robot_driver:/home/dstreib/ur_tutorials/install/ur_moveit_config:/home/dstreib/ur_tutorials/install/ur_description:/home/dstreib/ur_tutorials/install/ur_controllers:/home/dstreib/ur_tutorials/install/ur_dashboard_msgs:/home/dstreib/ros2_bt/install/urdf_tutorial:/home/dstreib/ros2_bt/install/ur_description:/home/dstreib/ros2_bt/install/screwdriver_description:/opt/ros/jazzy/opt/gz_sim_vendor:/opt/ros/jazzy/opt/gz_sensors_vendor:/opt/ros/jazzy/opt/gz_physics_vendor:/opt/ros/jazzy/opt/sdformat_vendor:/opt/ros/jazzy/opt/gz_gui_vendor:/opt/ros/jazzy/opt/gz_transport_vendor:/opt/ros/jazzy/opt/gz_rendering_vendor:/opt/ros/jazzy/opt/gz_plugin_vendor:/opt/ros/jazzy/opt/gz_fuel_tools_vendor:/opt/ros/jazzy/opt/gz_msgs_vendor:/opt/ros/jazzy/opt/gz_common_vendor:/opt/ros/jazzy/opt/gz_math_vendor:/opt/ros/jazzy/opt/gz_utils_vendor:/opt/ros/jazzy/opt/gz_tools_vendor:/opt/ros/jazzy/opt/gz_ogre_next_vendor:/opt/ros/jazzy/opt/gz_dartsim_vendor:/opt/ros/jazzy/opt/gz_cmake_vendor:/opt/ros/jazzy DEBUGINFOD_URLS=https://debuginfod.ubuntu.com /usr/bin/cmake --install /home/dstreib/ur5e/build/moveit_config
[0.424s] Level 1:colcon.colcon_core.environment:checking '/home/dstreib/ur5e/install/moveit_config' for CMake config files
[0.424s] Level 1:colcon.colcon_core.shell:create_environment_hook('moveit_config', 'cmake_prefix_path')
[0.424s] INFO:colcon.colcon_core.shell:Creating environment hook '/home/dstreib/ur5e/install/moveit_config/share/moveit_config/hook/cmake_prefix_path.ps1'
[0.424s] INFO:colcon.colcon_core.shell:Creating environment descriptor '/home/dstreib/ur5e/install/moveit_config/share/moveit_config/hook/cmake_prefix_path.dsv'
[0.425s] INFO:colcon.colcon_core.shell:Creating environment hook '/home/dstreib/ur5e/install/moveit_config/share/moveit_config/hook/cmake_prefix_path.sh'
[0.426s] Level 1:colcon.colcon_core.environment:checking '/home/dstreib/ur5e/install/moveit_config/bin'
[0.427s] Level 1:colcon.colcon_core.environment:checking '/home/dstreib/ur5e/install/moveit_config/lib/pkgconfig/moveit_config.pc'
[0.427s] Level 1:colcon.colcon_core.environment:checking '/home/dstreib/ur5e/install/moveit_config/lib/python3.12/site-packages'
[0.427s] Level 1:colcon.colcon_core.environment:checking '/home/dstreib/ur5e/install/moveit_config/bin'
[0.427s] INFO:colcon.colcon_core.shell:Creating package script '/home/dstreib/ur5e/install/moveit_config/share/moveit_config/package.ps1'
[0.428s] INFO:colcon.colcon_core.shell:Creating package descriptor '/home/dstreib/ur5e/install/moveit_config/share/moveit_config/package.dsv'
[0.428s] INFO:colcon.colcon_core.shell:Creating package script '/home/dstreib/ur5e/install/moveit_config/share/moveit_config/package.sh'
[0.435s] INFO:colcon.colcon_core.shell:Creating package script '/home/dstreib/ur5e/install/moveit_config/share/moveit_config/package.bash'
[0.436s] INFO:colcon.colcon_core.shell:Creating package script '/home/dstreib/ur5e/install/moveit_config/share/moveit_config/package.zsh'
[0.436s] Level 1:colcon.colcon_core.environment:create_file_with_runtime_dependencies(/home/dstreib/ur5e/install/moveit_config/share/colcon-core/packages/moveit_config)
[0.436s] Level 1:colcon.colcon_core.environment:create_environment_scripts_only(moveit_config)
[0.436s] Level 1:colcon.colcon_core.environment:checking '/home/dstreib/ur5e/install/moveit_config' for CMake module files
[0.436s] Level 1:colcon.colcon_core.environment:checking '/home/dstreib/ur5e/install/moveit_config' for CMake config files
[0.436s] Level 1:colcon.colcon_core.shell:create_environment_hook('moveit_config', 'cmake_prefix_path')
[0.436s] INFO:colcon.colcon_core.shell:Creating environment hook '/home/dstreib/ur5e/install/moveit_config/share/moveit_config/hook/cmake_prefix_path.ps1'
[0.437s] INFO:colcon.colcon_core.shell:Creating environment descriptor '/home/dstreib/ur5e/install/moveit_config/share/moveit_config/hook/cmake_prefix_path.dsv'
[0.437s] INFO:colcon.colcon_core.shell:Creating environment hook '/home/dstreib/ur5e/install/moveit_config/share/moveit_config/hook/cmake_prefix_path.sh'
[0.437s] Level 1:colcon.colcon_core.environment:checking '/home/dstreib/ur5e/install/moveit_config/bin'
[0.437s] Level 1:colcon.colcon_core.environment:checking '/home/dstreib/ur5e/install/moveit_config/lib/pkgconfig/moveit_config.pc'
[0.437s] Level 1:colcon.colcon_core.environment:checking '/home/dstreib/ur5e/install/moveit_config/lib/python3.12/site-packages'
[0.437s] Level 1:colcon.colcon_core.environment:checking '/home/dstreib/ur5e/install/moveit_config/bin'
[0.437s] INFO:colcon.colcon_core.shell:Creating package script '/home/dstreib/ur5e/install/moveit_config/share/moveit_config/package.ps1'
[0.438s] INFO:colcon.colcon_core.shell:Creating package descriptor '/home/dstreib/ur5e/install/moveit_config/share/moveit_config/package.dsv'
[0.438s] INFO:colcon.colcon_core.shell:Creating package script '/home/dstreib/ur5e/install/moveit_config/share/moveit_config/package.sh'
[0.438s] INFO:colcon.colcon_core.shell:Creating package script '/home/dstreib/ur5e/install/moveit_config/share/moveit_config/package.bash'
[0.438s] INFO:colcon.colcon_core.shell:Creating package script '/home/dstreib/ur5e/install/moveit_config/share/moveit_config/package.zsh'
[0.438s] Level 1:colcon.colcon_core.environment:create_file_with_runtime_dependencies(/home/dstreib/ur5e/install/moveit_config/share/colcon-core/packages/moveit_config)
[0.439s] Level 1:colcon.colcon_core.environment:create_environment_scripts_only(my_robot_cell_control)
[0.440s] Level 1:colcon.colcon_core.environment:checking '/home/dstreib/ur5e/install/my_robot_cell_control' for CMake module files
[0.440s] DEBUG:colcon.colcon_core.event_handler.log_command:Invoked command in '/home/dstreib/ur5e/build/my_robot_cell_control' returned '0': CMAKE_PREFIX_PATH=/home/dstreib/ur5e/install/my_robot_cell_description:/home/dstreib/ur5e/install/ur_description:/home/dstreib/ur5e/install/my_robot_cell_control:/home/dstreib/ur5e/install/moveit_config:/home/dstreib/ur_tutorials/install/ur:/home/dstreib/ur_tutorials/install/ur_calibration:/home/dstreib/ur_tutorials/install/my_robot_ur5e_moveit:/home/dstreib/ur_tutorials/install/my_robot_cell_moveit_config:/home/dstreib/ur_tutorials/install/my_robot_cell_control:/home/dstreib/ur_tutorials/install/my_robot_cell_description:/home/dstreib/ur_tutorials/install/ur_robot_driver:/home/dstreib/ur_tutorials/install/ur_moveit_config:/home/dstreib/ur_tutorials/install/ur_description:/home/dstreib/ur_tutorials/install/ur_controllers:/home/dstreib/ur_tutorials/install/ur_dashboard_msgs:/home/dstreib/ros2_bt/install/urdf_tutorial:/home/dstreib/ros2_bt/install/ur_description:/home/dstreib/ros2_bt/install/screwdriver_description:/opt/ros/jazzy/opt/gz_sim_vendor:/opt/ros/jazzy/opt/gz_sensors_vendor:/opt/ros/jazzy/opt/gz_physics_vendor:/opt/ros/jazzy/opt/sdformat_vendor:/opt/ros/jazzy/opt/gz_gui_vendor:/opt/ros/jazzy/opt/gz_transport_vendor:/opt/ros/jazzy/opt/gz_rendering_vendor:/opt/ros/jazzy/opt/gz_plugin_vendor:/opt/ros/jazzy/opt/gz_fuel_tools_vendor:/opt/ros/jazzy/opt/gz_msgs_vendor:/opt/ros/jazzy/opt/gz_common_vendor:/opt/ros/jazzy/opt/gz_math_vendor:/opt/ros/jazzy/opt/gz_utils_vendor:/opt/ros/jazzy/opt/gz_tools_vendor:/opt/ros/jazzy/opt/gz_ogre_next_vendor:/opt/ros/jazzy/opt/gz_dartsim_vendor:/opt/ros/jazzy/opt/gz_cmake_vendor:/opt/ros/jazzy DEBUGINFOD_URLS=https://debuginfod.ubuntu.com /usr/bin/cmake --install /home/dstreib/ur5e/build/my_robot_cell_control
[0.440s] Level 1:colcon.colcon_core.environment:checking '/home/dstreib/ur5e/install/my_robot_cell_control' for CMake config files
[0.440s] Level 1:colcon.colcon_core.shell:create_environment_hook('my_robot_cell_control', 'cmake_prefix_path')
[0.440s] INFO:colcon.colcon_core.shell:Creating environment hook '/home/dstreib/ur5e/install/my_robot_cell_control/share/my_robot_cell_control/hook/cmake_prefix_path.ps1'
[0.441s] INFO:colcon.colcon_core.shell:Creating environment descriptor '/home/dstreib/ur5e/install/my_robot_cell_control/share/my_robot_cell_control/hook/cmake_prefix_path.dsv'
[0.441s] INFO:colcon.colcon_core.shell:Creating environment hook '/home/dstreib/ur5e/install/my_robot_cell_control/share/my_robot_cell_control/hook/cmake_prefix_path.sh'
[0.441s] Level 1:colcon.colcon_core.environment:checking '/home/dstreib/ur5e/install/my_robot_cell_control/bin'
[0.441s] Level 1:colcon.colcon_core.environment:checking '/home/dstreib/ur5e/install/my_robot_cell_control/lib/pkgconfig/my_robot_cell_control.pc'
[0.441s] Level 1:colcon.colcon_core.environment:checking '/home/dstreib/ur5e/install/my_robot_cell_control/lib/python3.12/site-packages'
[0.441s] Level 1:colcon.colcon_core.environment:checking '/home/dstreib/ur5e/install/my_robot_cell_control/bin'
[0.441s] INFO:colcon.colcon_core.shell:Creating package script '/home/dstreib/ur5e/install/my_robot_cell_control/share/my_robot_cell_control/package.ps1'
[0.442s] INFO:colcon.colcon_core.shell:Creating package descriptor '/home/dstreib/ur5e/install/my_robot_cell_control/share/my_robot_cell_control/package.dsv'
[0.442s] INFO:colcon.colcon_core.shell:Creating package script '/home/dstreib/ur5e/install/my_robot_cell_control/share/my_robot_cell_control/package.sh'
[0.442s] INFO:colcon.colcon_core.shell:Creating package script '/home/dstreib/ur5e/install/my_robot_cell_control/share/my_robot_cell_control/package.bash'
[0.442s] INFO:colcon.colcon_core.shell:Creating package script '/home/dstreib/ur5e/install/my_robot_cell_control/share/my_robot_cell_control/package.zsh'
[0.442s] Level 1:colcon.colcon_core.environment:create_file_with_runtime_dependencies(/home/dstreib/ur5e/install/my_robot_cell_control/share/colcon-core/packages/my_robot_cell_control)
[0.442s] Level 1:colcon.colcon_core.environment:create_environment_scripts_only(my_robot_cell_control)
[0.443s] Level 1:colcon.colcon_core.environment:checking '/home/dstreib/ur5e/install/my_robot_cell_control' for CMake module files
[0.443s] Level 1:colcon.colcon_core.environment:checking '/home/dstreib/ur5e/install/my_robot_cell_control' for CMake config files
[0.443s] Level 1:colcon.colcon_core.shell:create_environment_hook('my_robot_cell_control', 'cmake_prefix_path')
[0.443s] INFO:colcon.colcon_core.shell:Creating environment hook '/home/dstreib/ur5e/install/my_robot_cell_control/share/my_robot_cell_control/hook/cmake_prefix_path.ps1'
[0.443s] INFO:colcon.colcon_core.shell:Creating environment descriptor '/home/dstreib/ur5e/install/my_robot_cell_control/share/my_robot_cell_control/hook/cmake_prefix_path.dsv'
[0.443s] INFO:colcon.colcon_core.shell:Creating environment hook '/home/dstreib/ur5e/install/my_robot_cell_control/share/my_robot_cell_control/hook/cmake_prefix_path.sh'
[0.443s] Level 1:colcon.colcon_core.environment:checking '/home/dstreib/ur5e/install/my_robot_cell_control/bin'
[0.444s] Level 1:colcon.colcon_core.environment:checking '/home/dstreib/ur5e/install/my_robot_cell_control/lib/pkgconfig/my_robot_cell_control.pc'
[0.444s] Level 1:colcon.colcon_core.environment:checking '/home/dstreib/ur5e/install/my_robot_cell_control/lib/python3.12/site-packages'
[0.444s] Level 1:colcon.colcon_core.environment:checking '/home/dstreib/ur5e/install/my_robot_cell_control/bin'
[0.444s] INFO:colcon.colcon_core.shell:Creating package script '/home/dstreib/ur5e/install/my_robot_cell_control/share/my_robot_cell_control/package.ps1'
[0.444s] INFO:colcon.colcon_core.shell:Creating package descriptor '/home/dstreib/ur5e/install/my_robot_cell_control/share/my_robot_cell_control/package.dsv'
[0.444s] INFO:colcon.colcon_core.shell:Creating package script '/home/dstreib/ur5e/install/my_robot_cell_control/share/my_robot_cell_control/package.sh'
[0.444s] INFO:colcon.colcon_core.shell:Creating package script '/home/dstreib/ur5e/install/my_robot_cell_control/share/my_robot_cell_control/package.bash'
[0.445s] INFO:colcon.colcon_core.shell:Creating package script '/home/dstreib/ur5e/install/my_robot_cell_control/share/my_robot_cell_control/package.zsh'
[0.445s] Level 1:colcon.colcon_core.environment:create_file_with_runtime_dependencies(/home/dstreib/ur5e/install/my_robot_cell_control/share/colcon-core/packages/my_robot_cell_control)
[0.445s] DEBUG:colcon.colcon_parallel_executor.executor.parallel:closing loop
[0.445s] DEBUG:colcon.colcon_parallel_executor.executor.parallel:loop closed
[0.445s] DEBUG:colcon.colcon_parallel_executor.executor.parallel:run_until_complete finished with '0'
[0.445s] DEBUG:colcon.colcon_core.event_reactor:joining thread
[0.450s] INFO:colcon.colcon_core.plugin_system:Skipping extension 'colcon_notification.desktop_notification.terminal_notifier': Not used on non-Darwin systems
[0.450s] INFO:colcon.colcon_core.plugin_system:Skipping extension 'colcon_notification.desktop_notification.win32': Not used on non-Windows systems
[0.450s] INFO:colcon.colcon_notification.desktop_notification:Sending desktop notification using 'notify2'
[0.463s] DEBUG:colcon.colcon_core.event_reactor:joined thread
[0.463s] INFO:colcon.colcon_core.shell:Creating prefix script '/home/dstreib/ur5e/install/local_setup.ps1'
[0.464s] INFO:colcon.colcon_core.shell:Creating prefix util module '/home/dstreib/ur5e/install/_local_setup_util_ps1.py'
[0.465s] INFO:colcon.colcon_core.shell:Creating prefix chain script '/home/dstreib/ur5e/install/setup.ps1'
[0.466s] INFO:colcon.colcon_core.shell:Creating prefix script '/home/dstreib/ur5e/install/local_setup.sh'
[0.466s] INFO:colcon.colcon_core.shell:Creating prefix util module '/home/dstreib/ur5e/install/_local_setup_util_sh.py'
[0.466s] INFO:colcon.colcon_core.shell:Creating prefix chain script '/home/dstreib/ur5e/install/setup.sh'
[0.467s] INFO:colcon.colcon_core.shell:Creating prefix script '/home/dstreib/ur5e/install/local_setup.bash'
[0.468s] INFO:colcon.colcon_core.shell:Creating prefix chain script '/home/dstreib/ur5e/install/setup.bash'
[0.468s] INFO:colcon.colcon_core.shell:Creating prefix script '/home/dstreib/ur5e/install/local_setup.zsh'
[0.469s] INFO:colcon.colcon_core.shell:Creating prefix chain script '/home/dstreib/ur5e/install/setup.zsh'
