-- Install configuration: ""
-- Up-to-date: /home/dstreib/UR5e_Assembly_of_Wooden_Pieces/install/screwdriver_description/share/screwdriver_description/launch
-- Installing: /home/dstreib/UR5e_Assembly_of_Wooden_Pieces/install/screwdriver_description/share/screwdriver_description/launch/display.launch.py
-- Up-to-date: /home/dstreib/UR5e_Assembly_of_Wooden_Pieces/install/screwdriver_description/share/screwdriver_description/rviz
-- Installing: /home/dstreib/UR5e_Assembly_of_Wooden_Pieces/install/screwdriver_description/share/screwdriver_description/rviz/urdf.rviz
-- Up-to-date: /home/dstreib/UR5e_Assembly_of_Wooden_Pieces/install/screwdriver_description/share/screwdriver_description/urdf
-- Installing: /home/dstreib/UR5e_Assembly_of_Wooden_Pieces/install/screwdriver_description/share/screwdriver_description/urdf/screwdriver.urdf
-- Up-to-date: /home/dstreib/UR5e_Assembly_of_Wooden_Pieces/install/screwdriver_description/share/ament_index/resource_index/package_run_dependencies/screwdriver_description
-- Up-to-date: /home/dstreib/UR5e_Assembly_of_Wooden_Pieces/install/screwdriver_description/share/ament_index/resource_index/parent_prefix_path/screwdriver_description
-- Up-to-date: /home/dstreib/UR5e_Assembly_of_Wooden_Pieces/install/screwdriver_description/share/screwdriver_description/environment/ament_prefix_path.sh
-- Up-to-date: /home/dstreib/UR5e_Assembly_of_Wooden_Pieces/install/screwdriver_description/share/screwdriver_description/environment/ament_prefix_path.dsv
-- Up-to-date: /home/dstreib/UR5e_Assembly_of_Wooden_Pieces/install/screwdriver_description/share/screwdriver_description/environment/path.sh
-- Up-to-date: /home/dstreib/UR5e_Assembly_of_Wooden_Pieces/install/screwdriver_description/share/screwdriver_description/environment/path.dsv
-- Up-to-date: /home/dstreib/UR5e_Assembly_of_Wooden_Pieces/install/screwdriver_description/share/screwdriver_description/local_setup.bash
-- Up-to-date: /home/dstreib/UR5e_Assembly_of_Wooden_Pieces/install/screwdriver_description/share/screwdriver_description/local_setup.sh
-- Up-to-date: /home/dstreib/UR5e_Assembly_of_Wooden_Pieces/install/screwdriver_description/share/screwdriver_description/local_setup.zsh
-- Up-to-date: /home/dstreib/UR5e_Assembly_of_Wooden_Pieces/install/screwdriver_description/share/screwdriver_description/local_setup.dsv
-- Up-to-date: /home/dstreib/UR5e_Assembly_of_Wooden_Pieces/install/screwdriver_description/share/screwdriver_description/package.dsv
-- Up-to-date: /home/dstreib/UR5e_Assembly_of_Wooden_Pieces/install/screwdriver_description/share/ament_index/resource_index/packages/screwdriver_description
-- Up-to-date: /home/dstreib/UR5e_Assembly_of_Wooden_Pieces/install/screwdriver_description/share/screwdriver_description/cmake/screwdriver_descriptionConfig.cmake
-- Up-to-date: /home/dstreib/UR5e_Assembly_of_Wooden_Pieces/install/screwdriver_description/share/screwdriver_description/cmake/screwdriver_descriptionConfig-version.cmake
-- Installing: /home/dstreib/UR5e_Assembly_of_Wooden_Pieces/install/screwdriver_description/share/screwdriver_description/package.xml
